2023-09-26 23:54:32.497 [ INFO] [kground-preinit] o.h.v.i.u.Version                        : HV000001: Hibernate Validator 8.0.1.Final
2023-09-26 23:54:32.510 [ INFO] [  restartedMain] c.e.s.M.CourseTrackerApplication         : Starting CourseTrackerApplication using Java 17.0.2 with PID 29127 (/Users/jaehoonpark/Desktop/project/SPRING-BOOT-in-PRACTICE-Study/build/classes/java/main started by jaehoonman in /Users/jaehoonpark/Desktop/project/SPRING-BOOT-in-PRACTICE-Study)
2023-09-26 23:54:32.512 [ INFO] [  restartedMain] c.e.s.M.CourseTrackerApplication         : No active profile set, falling back to 1 default profile: "default"
2023-09-26 23:54:32.958 [ INFO] [  restartedMain] o.a.c.h.Http11NioProtocol                : Initializing ProtocolHandler ["http-nio-8080"]
2023-09-26 23:54:32.959 [ INFO] [  restartedMain] o.a.c.c.StandardService                  : Starting service [Tomcat]
2023-09-26 23:54:32.959 [ INFO] [  restartedMain] o.a.c.c.StandardEngine                   : Starting Servlet engine: [Apache Tomcat/10.1.13]
2023-09-26 23:54:32.992 [ INFO] [  restartedMain] o.a.c.c.C.[.[.[/]                        : Initializing Spring embedded WebApplicationContext
2023-09-26 23:54:33.132 [ INFO] [  restartedMain] o.a.c.h.Http11NioProtocol                : Starting ProtocolHandler ["http-nio-8080"]
2023-09-26 23:54:33.142 [ INFO] [  restartedMain] c.e.s.M.CourseTrackerApplication         : Started CourseTrackerApplication in 0.782 seconds (process running for 1.317)
2023-09-26 23:54:33.143 [ INFO] [  restartedMain] c.e.s.M.MyCommandLineRunner              : MyCommandLineRunner executed as a Spring Component
2023-09-26 23:54:33.143 [ INFO] [  restartedMain] CourseTrackerApplication$$SpringCGLIB$$0 : CourseTrackerApplication CommandLineRunner has executed
2023-09-26 23:54:33.161 [ERROR] [  restartedMain] CourseTrackerApplication$$SpringCGLIB$$0 : ConstraintViolationImpl{interpolatedMessage='1보다 높아야함', propertyPath=rating, rootBeanClass=class com.example.springbootinpracticestudy.Model.Course, messageTemplate='1보다 높아야함'}
2023-09-27 00:17:46.094 [ INFO] [nio-8080-exec-2] o.a.c.c.C.[.[.[/]                        : Initializing Spring DispatcherServlet 'dispatcherServlet'
2023-09-27 00:17:46.096 [ INFO] [nio-8080-exec-2] o.s.w.s.DispatcherServlet                : Initializing Servlet 'dispatcherServlet'
2023-09-27 00:17:46.098 [ INFO] [nio-8080-exec-2] o.s.w.s.DispatcherServlet                : Completed initialization in 2 ms
2023-09-27 00:32:32.990 [ INFO] [kground-preinit] o.h.v.i.u.Version                        : HV000001: Hibernate Validator 8.0.1.Final
2023-09-27 00:32:33.005 [ INFO] [  restartedMain] c.e.s.M.CourseTrackerApplication         : Starting CourseTrackerApplication using Java 17.0.2 with PID 29330 (/Users/jaehoonpark/Desktop/project/SPRING-BOOT-in-PRACTICE-Study/build/classes/java/main started by jaehoonman in /Users/jaehoonpark/Desktop/project/SPRING-BOOT-in-PRACTICE-Study)
2023-09-27 00:32:33.006 [ INFO] [  restartedMain] c.e.s.M.CourseTrackerApplication         : No active profile set, falling back to 1 default profile: "default"
2023-09-27 00:32:33.413 [ INFO] [  restartedMain] o.a.c.h.Http11NioProtocol                : Initializing ProtocolHandler ["http-nio-8080"]
2023-09-27 00:32:33.414 [ INFO] [  restartedMain] o.a.c.c.StandardService                  : Starting service [Tomcat]
2023-09-27 00:32:33.414 [ INFO] [  restartedMain] o.a.c.c.StandardEngine                   : Starting Servlet engine: [Apache Tomcat/10.1.13]
2023-09-27 00:32:33.438 [ INFO] [  restartedMain] o.a.c.c.C.[.[.[/]                        : Initializing Spring embedded WebApplicationContext
2023-09-27 00:32:33.574 [ INFO] [  restartedMain] o.a.c.h.Http11NioProtocol                : Starting ProtocolHandler ["http-nio-8080"]
2023-09-27 00:32:33.584 [ INFO] [  restartedMain] c.e.s.M.CourseTrackerApplication         : Started CourseTrackerApplication in 0.713 seconds (process running for 1.144)
2023-09-27 00:32:33.585 [ INFO] [  restartedMain] c.e.s.M.MyCommandLineRunner              : MyCommandLineRunner executed as a Spring Component
2023-09-27 00:32:33.604 [ERROR] [  restartedMain] CourseTrackerApplication$$SpringCGLIB$$0 : Password for user1 do not adhere to the password policy
2023-09-27 00:32:33.606 [ERROR] [  restartedMain] CourseTrackerApplication$$SpringCGLIB$$0 : Violation details: [비밀번호 규율을 지키세요].
2023-09-27 00:32:33.607 [ INFO] [  restartedMain] CourseTrackerApplication$$SpringCGLIB$$0 : Password for user2 adhere to the password policy
2023-09-27 00:32:33.607 [ERROR] [  restartedMain] CourseTrackerApplication$$SpringCGLIB$$0 : Password for user3 violates maximum repetitive rule
2023-09-27 00:32:33.607 [ERROR] [  restartedMain] CourseTrackerApplication$$SpringCGLIB$$0 : Violation details: [비밀번호 규율을 지키세요].
2023-09-27 00:32:33.608 [ERROR] [  restartedMain] CourseTrackerApplication$$SpringCGLIB$$0 : Password for user4 violates special character rule
2023-09-27 00:32:33.608 [ERROR] [  restartedMain] CourseTrackerApplication$$SpringCGLIB$$0 : Violation details: [비밀번호 규율을 지키세요].
2023-09-29 22:07:24.415 [ INFO] [kground-preinit] o.h.v.i.u.Version                        : HV000001: Hibernate Validator 8.0.1.Final
2023-09-29 22:07:24.429 [ INFO] [  restartedMain] c.e.s.M.CourseTrackerApplication         : Starting CourseTrackerApplication using Java 17.0.2 with PID 37366 (/Users/jaehoonpark/Desktop/project/SPRING-BOOT-in-PRACTICE-Study/build/classes/java/main started by jaehoonman in /Users/jaehoonpark/Desktop/project/SPRING-BOOT-in-PRACTICE-Study)
2023-09-29 22:07:24.430 [ INFO] [  restartedMain] c.e.s.M.CourseTrackerApplication         : No active profile set, falling back to 1 default profile: "default"
2023-09-29 22:07:24.866 [ INFO] [  restartedMain] o.a.c.h.Http11NioProtocol                : Initializing ProtocolHandler ["http-nio-8080"]
2023-09-29 22:07:24.867 [ INFO] [  restartedMain] o.a.c.c.StandardService                  : Starting service [Tomcat]
2023-09-29 22:07:24.867 [ INFO] [  restartedMain] o.a.c.c.StandardEngine                   : Starting Servlet engine: [Apache Tomcat/10.1.13]
2023-09-29 22:07:24.891 [ INFO] [  restartedMain] o.a.c.c.C.[.[.[/]                        : Initializing Spring embedded WebApplicationContext
2023-09-29 22:07:25.025 [ INFO] [  restartedMain] o.a.c.h.Http11NioProtocol                : Starting ProtocolHandler ["http-nio-8080"]
2023-09-29 22:07:25.042 [ INFO] [  restartedMain] c.e.s.M.CourseTrackerApplication         : Started CourseTrackerApplication in 0.747 seconds (process running for 1.099)
2023-09-29 22:07:25.043 [ INFO] [  restartedMain] c.e.s.M.MyCommandLineRunner              : MyCommandLineRunner executed as a Spring Component
2023-09-29 22:07:25.064 [ERROR] [  restartedMain] CourseTrackerApplication$$SpringCGLIB$$0 : Password for user1 do not adhere to the password policy
2023-09-29 22:07:25.067 [ERROR] [  restartedMain] CourseTrackerApplication$$SpringCGLIB$$0 : Violation details: [비밀번호 규율을 지키세요].
2023-09-29 22:07:25.067 [ INFO] [  restartedMain] CourseTrackerApplication$$SpringCGLIB$$0 : Password for user2 adhere to the password policy
2023-09-29 22:07:25.068 [ERROR] [  restartedMain] CourseTrackerApplication$$SpringCGLIB$$0 : Password for user3 violates maximum repetitive rule
2023-09-29 22:07:25.068 [ERROR] [  restartedMain] CourseTrackerApplication$$SpringCGLIB$$0 : Violation details: [비밀번호 규율을 지키세요].
2023-09-29 22:07:25.068 [ERROR] [  restartedMain] CourseTrackerApplication$$SpringCGLIB$$0 : Password for user4 violates special character rule
2023-09-29 22:07:25.068 [ERROR] [  restartedMain] CourseTrackerApplication$$SpringCGLIB$$0 : Violation details: [비밀번호 규율을 지키세요].
2023-09-29 22:22:30.043 [ INFO] [kground-preinit] o.h.v.i.u.Version                        : HV000001: Hibernate Validator 8.0.1.Final
2023-09-29 22:22:30.057 [ INFO] [  restartedMain] e.s.M.CourseTrackerSpringBootApplication : Starting CourseTrackerSpringBootApplication using Java 17.0.2 with PID 37618 (/Users/jaehoonpark/Desktop/project/SPRING-BOOT-in-PRACTICE-Study/build/classes/java/main started by jaehoonman in /Users/jaehoonpark/Desktop/project/SPRING-BOOT-in-PRACTICE-Study)
2023-09-29 22:22:30.058 [ INFO] [  restartedMain] e.s.M.CourseTrackerSpringBootApplication : No active profile set, falling back to 1 default profile: "default"
2023-09-29 22:22:30.310 [ INFO] [  restartedMain] .s.d.r.c.RepositoryConfigurationDelegate : Bootstrapping Spring Data JPA repositories in DEFAULT mode.
2023-09-29 22:22:30.318 [ INFO] [  restartedMain] .s.d.r.c.RepositoryConfigurationDelegate : Finished Spring Data repository scanning in 5 ms. Found 0 JPA repository interfaces.
2023-09-29 22:22:30.537 [ INFO] [  restartedMain] o.a.c.h.Http11NioProtocol                : Initializing ProtocolHandler ["http-nio-8080"]
2023-09-29 22:22:30.537 [ INFO] [  restartedMain] o.a.c.c.StandardService                  : Starting service [Tomcat]
2023-09-29 22:22:30.538 [ INFO] [  restartedMain] o.a.c.c.StandardEngine                   : Starting Servlet engine: [Apache Tomcat/10.1.13]
2023-09-29 22:22:30.561 [ INFO] [  restartedMain] o.a.c.c.C.[.[.[/]                        : Initializing Spring embedded WebApplicationContext
2023-09-29 22:22:30.579 [ INFO] [  restartedMain] c.z.h.HikariDataSource                   : HikariPool-1 - Starting...
2023-09-29 22:22:30.663 [ INFO] [  restartedMain] c.z.h.p.HikariPool                       : HikariPool-1 - Added connection conn0: url=jdbc:h2:mem:sbipdb user=SA
2023-09-29 22:22:30.664 [ INFO] [  restartedMain] c.z.h.HikariDataSource                   : HikariPool-1 - Start completed.
2023-09-29 22:22:30.713 [ INFO] [  restartedMain] o.h.j.i.u.LogHelper                      : HHH000204: Processing PersistenceUnitInfo [name: default]
2023-09-29 22:22:30.732 [ INFO] [  restartedMain] o.h.Version                              : HHH000412: Hibernate ORM core version 6.2.9.Final
2023-09-29 22:22:30.732 [ INFO] [  restartedMain] o.h.c.Environment                        : HHH000406: Using bytecode reflection optimizer
2023-09-29 22:22:30.788 [ INFO] [  restartedMain] o.h.b.i.BytecodeProviderInitiator        : HHH000021: Bytecode provider name : bytebuddy
2023-09-29 22:22:30.849 [ INFO] [  restartedMain] o.s.o.j.p.SpringPersistenceUnitInfo      : No LoadTimeWeaver setup: ignoring JPA class transformer
2023-09-29 22:22:30.901 [ INFO] [  restartedMain] o.h.b.i.BytecodeProviderInitiator        : HHH000021: Bytecode provider name : bytebuddy
2023-09-29 22:22:30.988 [ INFO] [  restartedMain] o.h.e.t.j.p.i.JtaPlatformInitiator       : HHH000490: Using JtaPlatform implementation: [org.hibernate.engine.transaction.jta.platform.internal.NoJtaPlatform]
2023-09-29 22:22:30.990 [ INFO] [  restartedMain] j.LocalContainerEntityManagerFactoryBean : Initialized JPA EntityManagerFactory for persistence unit 'default'
2023-09-29 22:22:31.180 [ INFO] [  restartedMain] o.a.c.h.Http11NioProtocol                : Starting ProtocolHandler ["http-nio-8080"]
2023-09-29 22:22:31.191 [ INFO] [  restartedMain] e.s.M.CourseTrackerSpringBootApplication : Started CourseTrackerSpringBootApplication in 1.262 seconds (process running for 1.784)
2023-09-29 22:22:31.192 [ INFO] [  restartedMain] c.e.s.M.MyCommandLineRunner              : MyCommandLineRunner executed as a Spring Component
2023-09-29 22:22:55.509 [ INFO] [ionShutdownHook] j.LocalContainerEntityManagerFactoryBean : Closing JPA EntityManagerFactory for persistence unit 'default'
2023-09-29 22:22:55.914 [ WARN] [ionShutdownHook] o.s.b.f.s.DisposableBeanAdapter          : Invocation of destroy method failed on bean with name 'inMemoryDatabaseShutdownExecutor': org.h2.jdbc.JdbcSQLNonTransientConnectionException: Database is already closed (to disable automatic closing at VM shutdown, add ";DB_CLOSE_ON_EXIT=FALSE" to the db URL) [90121-214]
2023-09-29 22:22:55.915 [ INFO] [ionShutdownHook] c.z.h.HikariDataSource                   : HikariPool-1 - Shutdown initiated...
2023-09-29 22:22:56.038 [ INFO] [ionShutdownHook] c.z.h.HikariDataSource                   : HikariPool-1 - Shutdown completed.
2023-09-29 22:22:57.226 [ INFO] [kground-preinit] o.h.v.i.u.Version                        : HV000001: Hibernate Validator 8.0.1.Final
2023-09-29 22:22:57.242 [ INFO] [  restartedMain] e.s.M.CourseTrackerSpringBootApplication : Starting CourseTrackerSpringBootApplication using Java 17.0.2 with PID 37629 (/Users/jaehoonpark/Desktop/project/SPRING-BOOT-in-PRACTICE-Study/build/classes/java/main started by jaehoonman in /Users/jaehoonpark/Desktop/project/SPRING-BOOT-in-PRACTICE-Study)
2023-09-29 22:22:57.243 [ INFO] [  restartedMain] e.s.M.CourseTrackerSpringBootApplication : No active profile set, falling back to 1 default profile: "default"
2023-09-29 22:22:57.490 [ INFO] [  restartedMain] .s.d.r.c.RepositoryConfigurationDelegate : Bootstrapping Spring Data JPA repositories in DEFAULT mode.
2023-09-29 22:22:57.499 [ INFO] [  restartedMain] .s.d.r.c.RepositoryConfigurationDelegate : Finished Spring Data repository scanning in 5 ms. Found 0 JPA repository interfaces.
2023-09-29 22:22:57.717 [ INFO] [  restartedMain] o.a.c.h.Http11NioProtocol                : Initializing ProtocolHandler ["http-nio-8080"]
2023-09-29 22:22:57.717 [ INFO] [  restartedMain] o.a.c.c.StandardService                  : Starting service [Tomcat]
2023-09-29 22:22:57.718 [ INFO] [  restartedMain] o.a.c.c.StandardEngine                   : Starting Servlet engine: [Apache Tomcat/10.1.13]
2023-09-29 22:22:57.743 [ INFO] [  restartedMain] o.a.c.c.C.[.[.[/]                        : Initializing Spring embedded WebApplicationContext
2023-09-29 22:22:57.761 [ INFO] [  restartedMain] c.z.h.HikariDataSource                   : HikariPool-1 - Starting...
2023-09-29 22:22:57.846 [ INFO] [  restartedMain] c.z.h.p.HikariPool                       : HikariPool-1 - Added connection conn0: url=jdbc:h2:mem:sbipdb user=SA
2023-09-29 22:22:57.847 [ INFO] [  restartedMain] c.z.h.HikariDataSource                   : HikariPool-1 - Start completed.
2023-09-29 22:22:57.901 [ INFO] [  restartedMain] o.h.j.i.u.LogHelper                      : HHH000204: Processing PersistenceUnitInfo [name: default]
2023-09-29 22:22:57.924 [ INFO] [  restartedMain] o.h.Version                              : HHH000412: Hibernate ORM core version 6.2.9.Final
2023-09-29 22:22:57.925 [ INFO] [  restartedMain] o.h.c.Environment                        : HHH000406: Using bytecode reflection optimizer
2023-09-29 22:22:57.978 [ INFO] [  restartedMain] o.h.b.i.BytecodeProviderInitiator        : HHH000021: Bytecode provider name : bytebuddy
2023-09-29 22:22:58.035 [ INFO] [  restartedMain] o.s.o.j.p.SpringPersistenceUnitInfo      : No LoadTimeWeaver setup: ignoring JPA class transformer
2023-09-29 22:22:58.086 [ INFO] [  restartedMain] o.h.b.i.BytecodeProviderInitiator        : HHH000021: Bytecode provider name : bytebuddy
2023-09-29 22:22:58.182 [ INFO] [  restartedMain] o.h.e.t.j.p.i.JtaPlatformInitiator       : HHH000490: Using JtaPlatform implementation: [org.hibernate.engine.transaction.jta.platform.internal.NoJtaPlatform]
2023-09-29 22:22:58.185 [ INFO] [  restartedMain] j.LocalContainerEntityManagerFactoryBean : Initialized JPA EntityManagerFactory for persistence unit 'default'
2023-09-29 22:22:58.353 [ INFO] [  restartedMain] o.a.c.h.Http11NioProtocol                : Starting ProtocolHandler ["http-nio-8080"]
2023-09-29 22:22:58.363 [ INFO] [  restartedMain] e.s.M.CourseTrackerSpringBootApplication : Started CourseTrackerSpringBootApplication in 1.257 seconds (process running for 1.591)
2023-09-29 22:22:58.364 [ INFO] [  restartedMain] c.e.s.M.MyCommandLineRunner              : MyCommandLineRunner executed as a Spring Component
2023-09-29 22:23:55.782 [ INFO] [kground-preinit] o.h.v.i.u.Version                        : HV000001: Hibernate Validator 8.0.1.Final
2023-09-29 22:23:55.797 [ INFO] [  restartedMain] c.e.s.CourseTrackerSpringBootApplication : Starting CourseTrackerSpringBootApplication using Java 17.0.2 with PID 37645 (/Users/jaehoonpark/Desktop/project/SPRING-BOOT-in-PRACTICE-Study/build/classes/java/main started by jaehoonman in /Users/jaehoonpark/Desktop/project/SPRING-BOOT-in-PRACTICE-Study)
2023-09-29 22:23:55.798 [ INFO] [  restartedMain] c.e.s.CourseTrackerSpringBootApplication : No active profile set, falling back to 1 default profile: "default"
2023-09-29 22:23:56.052 [ INFO] [  restartedMain] .s.d.r.c.RepositoryConfigurationDelegate : Bootstrapping Spring Data JPA repositories in DEFAULT mode.
2023-09-29 22:23:56.078 [ INFO] [  restartedMain] .s.d.r.c.RepositoryConfigurationDelegate : Finished Spring Data repository scanning in 23 ms. Found 2 JPA repository interfaces.
2023-09-29 22:23:56.300 [ INFO] [  restartedMain] o.a.c.h.Http11NioProtocol                : Initializing ProtocolHandler ["http-nio-8080"]
2023-09-29 22:23:56.301 [ INFO] [  restartedMain] o.a.c.c.StandardService                  : Starting service [Tomcat]
2023-09-29 22:23:56.301 [ INFO] [  restartedMain] o.a.c.c.StandardEngine                   : Starting Servlet engine: [Apache Tomcat/10.1.13]
2023-09-29 22:23:56.322 [ INFO] [       Thread-1] o.a.c.h.Http11NioProtocol                : Pausing ProtocolHandler ["http-nio-8080"]
2023-09-29 22:23:56.322 [ INFO] [       Thread-1] o.a.c.c.StandardService                  : Stopping service [Tomcat]
2023-09-29 22:23:56.324 [ INFO] [       Thread-1] o.a.c.h.Http11NioProtocol                : Stopping ProtocolHandler ["http-nio-8080"]
2023-09-29 22:23:56.325 [ INFO] [       Thread-1] o.a.c.h.Http11NioProtocol                : Destroying ProtocolHandler ["http-nio-8080"]
2023-09-29 22:23:56.326 [ INFO] [  restartedMain] o.a.c.c.C.[.[.[/]                        : Initializing Spring embedded WebApplicationContext
2023-09-29 22:23:56.327 [ INFO] [       Thread-1] j.LocalContainerEntityManagerFactoryBean : Closing JPA EntityManagerFactory for persistence unit 'default'
2023-09-29 22:23:56.346 [ INFO] [  restartedMain] c.z.h.HikariDataSource                   : HikariPool-1 - Starting...
2023-09-29 22:23:56.441 [ INFO] [  restartedMain] c.z.h.p.HikariPool                       : HikariPool-1 - Added connection conn0: url=jdbc:h2:mem:sbipdb user=SA
2023-09-29 22:23:56.442 [ INFO] [  restartedMain] c.z.h.HikariDataSource                   : HikariPool-1 - Start completed.
2023-09-29 22:23:56.496 [ INFO] [  restartedMain] o.h.j.i.u.LogHelper                      : HHH000204: Processing PersistenceUnitInfo [name: default]
2023-09-29 22:23:56.516 [ INFO] [  restartedMain] o.h.Version                              : HHH000412: Hibernate ORM core version 6.2.9.Final
2023-09-29 22:23:56.517 [ INFO] [  restartedMain] o.h.c.Environment                        : HHH000406: Using bytecode reflection optimizer
2023-09-29 22:23:56.535 [ WARN] [       Thread-1] o.s.b.f.s.DisposableBeanAdapter          : Invocation of destroy method failed on bean with name 'inMemoryDatabaseShutdownExecutor': org.h2.jdbc.JdbcSQLNonTransientConnectionException: Database is already closed (to disable automatic closing at VM shutdown, add ";DB_CLOSE_ON_EXIT=FALSE" to the db URL) [90121-214]
2023-09-29 22:23:56.536 [ INFO] [       Thread-1] c.z.h.HikariDataSource                   : HikariPool-1 - Shutdown initiated...
2023-09-29 22:23:56.537 [ INFO] [       Thread-1] c.z.h.HikariDataSource                   : HikariPool-1 - Shutdown completed.
2023-09-29 22:23:56.571 [ INFO] [  restartedMain] o.h.b.i.BytecodeProviderInitiator        : HHH000021: Bytecode provider name : bytebuddy
2023-09-29 22:23:56.578 [ INFO] [  restartedMain] e.s.M.CourseTrackerSpringBootApplication : Starting CourseTrackerSpringBootApplication using Java 17.0.2 with PID 37629 (/Users/jaehoonpark/Desktop/project/SPRING-BOOT-in-PRACTICE-Study/build/classes/java/main started by jaehoonman in /Users/jaehoonpark/Desktop/project/SPRING-BOOT-in-PRACTICE-Study)
2023-09-29 22:23:56.578 [ INFO] [  restartedMain] e.s.M.CourseTrackerSpringBootApplication : No active profile set, falling back to 1 default profile: "default"
2023-09-29 22:23:56.629 [ INFO] [  restartedMain] o.s.o.j.p.SpringPersistenceUnitInfo      : No LoadTimeWeaver setup: ignoring JPA class transformer
2023-09-29 22:23:56.635 [ INFO] [  restartedMain] .s.d.r.c.RepositoryConfigurationDelegate : Bootstrapping Spring Data JPA repositories in DEFAULT mode.
2023-09-29 22:23:56.636 [ INFO] [  restartedMain] .s.d.r.c.RepositoryConfigurationDelegate : Finished Spring Data repository scanning in 0 ms. Found 0 JPA repository interfaces.
2023-09-29 22:23:56.676 [ INFO] [  restartedMain] o.a.c.h.Http11NioProtocol                : Initializing ProtocolHandler ["http-nio-8080"]
2023-09-29 22:23:56.676 [ INFO] [  restartedMain] o.a.c.c.StandardService                  : Starting service [Tomcat]
2023-09-29 22:23:56.676 [ INFO] [  restartedMain] o.a.c.c.StandardEngine                   : Starting Servlet engine: [Apache Tomcat/10.1.13]
2023-09-29 22:23:56.681 [ INFO] [  restartedMain] o.a.c.c.C.[.[.[/]                        : Initializing Spring embedded WebApplicationContext
2023-09-29 22:23:56.688 [ INFO] [  restartedMain] c.z.h.HikariDataSource                   : HikariPool-2 - Starting...
2023-09-29 22:23:56.689 [ INFO] [  restartedMain] c.z.h.p.HikariPool                       : HikariPool-2 - Added connection conn10: url=jdbc:h2:mem:sbipdb user=SA
2023-09-29 22:23:56.689 [ INFO] [  restartedMain] c.z.h.HikariDataSource                   : HikariPool-2 - Start completed.
2023-09-29 22:23:56.701 [ INFO] [  restartedMain] o.h.j.i.u.LogHelper                      : HHH000204: Processing PersistenceUnitInfo [name: default]
2023-09-29 22:23:56.705 [ INFO] [  restartedMain] o.h.b.i.BytecodeProviderInitiator        : HHH000021: Bytecode provider name : bytebuddy
2023-09-29 22:23:56.705 [ INFO] [  restartedMain] o.s.o.j.p.SpringPersistenceUnitInfo      : No LoadTimeWeaver setup: ignoring JPA class transformer
2023-09-29 22:23:56.707 [ INFO] [  restartedMain] o.h.b.i.BytecodeProviderInitiator        : HHH000021: Bytecode provider name : bytebuddy
2023-09-29 22:23:56.710 [ INFO] [  restartedMain] o.h.e.t.j.p.i.JtaPlatformInitiator       : HHH000490: Using JtaPlatform implementation: [org.hibernate.engine.transaction.jta.platform.internal.NoJtaPlatform]
2023-09-29 22:23:56.710 [ INFO] [  restartedMain] j.LocalContainerEntityManagerFactoryBean : Initialized JPA EntityManagerFactory for persistence unit 'default'
2023-09-29 22:23:56.731 [ INFO] [  restartedMain] o.h.b.i.BytecodeProviderInitiator        : HHH000021: Bytecode provider name : bytebuddy
2023-09-29 22:23:56.781 [ INFO] [  restartedMain] o.a.c.h.Http11NioProtocol                : Starting ProtocolHandler ["http-nio-8080"]
2023-09-29 22:23:56.784 [ INFO] [  restartedMain] e.s.M.CourseTrackerSpringBootApplication : Started CourseTrackerSpringBootApplication in 0.228 seconds (process running for 60.011)
2023-09-29 22:23:56.785 [ INFO] [  restartedMain] c.e.s.M.MyCommandLineRunner              : MyCommandLineRunner executed as a Spring Component
2023-09-29 22:23:56.988 [ INFO] [  restartedMain] o.h.e.t.j.p.i.JtaPlatformInitiator       : HHH000490: Using JtaPlatform implementation: [org.hibernate.engine.transaction.jta.platform.internal.NoJtaPlatform]
2023-09-29 22:23:57.005 [ INFO] [  restartedMain] j.LocalContainerEntityManagerFactoryBean : Initialized JPA EntityManagerFactory for persistence unit 'default'
2023-09-29 22:23:57.010 [ INFO] [  restartedMain] j.LocalContainerEntityManagerFactoryBean : Closing JPA EntityManagerFactory for persistence unit 'default'
2023-09-29 22:23:57.218 [ WARN] [  restartedMain] o.s.b.f.s.DisposableBeanAdapter          : Invocation of destroy method failed on bean with name 'inMemoryDatabaseShutdownExecutor': org.h2.jdbc.JdbcSQLNonTransientConnectionException: Database is already closed (to disable automatic closing at VM shutdown, add ";DB_CLOSE_ON_EXIT=FALSE" to the db URL) [90121-214]
2023-09-29 22:23:57.218 [ INFO] [  restartedMain] c.z.h.HikariDataSource                   : HikariPool-1 - Shutdown initiated...
2023-09-29 22:23:57.221 [ INFO] [  restartedMain] c.z.h.HikariDataSource                   : HikariPool-1 - Shutdown completed.
2023-09-29 22:23:57.222 [ INFO] [  restartedMain] o.a.c.c.StandardService                  : Stopping service [Tomcat]
2023-09-29 22:31:35.799 [ INFO] [       Thread-6] o.a.c.h.Http11NioProtocol                : Pausing ProtocolHandler ["http-nio-8080"]
2023-09-29 22:31:35.800 [ INFO] [       Thread-6] o.a.c.c.StandardService                  : Stopping service [Tomcat]
2023-09-29 22:31:35.802 [ INFO] [       Thread-6] o.a.c.h.Http11NioProtocol                : Stopping ProtocolHandler ["http-nio-8080"]
2023-09-29 22:31:35.803 [ INFO] [       Thread-6] o.a.c.h.Http11NioProtocol                : Destroying ProtocolHandler ["http-nio-8080"]
2023-09-29 22:31:35.805 [ INFO] [       Thread-6] j.LocalContainerEntityManagerFactoryBean : Closing JPA EntityManagerFactory for persistence unit 'default'
2023-09-29 22:31:36.012 [ WARN] [       Thread-6] o.s.b.f.s.DisposableBeanAdapter          : Invocation of destroy method failed on bean with name 'inMemoryDatabaseShutdownExecutor': org.h2.jdbc.JdbcSQLNonTransientConnectionException: Database is already closed (to disable automatic closing at VM shutdown, add ";DB_CLOSE_ON_EXIT=FALSE" to the db URL) [90121-214]
2023-09-29 22:31:36.013 [ INFO] [       Thread-6] c.z.h.HikariDataSource                   : HikariPool-2 - Shutdown initiated...
2023-09-29 22:31:36.014 [ INFO] [       Thread-6] c.z.h.HikariDataSource                   : HikariPool-2 - Shutdown completed.
2023-09-29 22:39:21.151 [ INFO] [kground-preinit] o.h.v.i.u.Version                        : HV000001: Hibernate Validator 8.0.1.Final
2023-09-29 22:39:21.165 [ INFO] [  restartedMain] c.e.s.CourseTrackerSpringBootApplication : Starting CourseTrackerSpringBootApplication using Java 17.0.2 with PID 37938 (/Users/jaehoonpark/Desktop/project/SPRING-BOOT-in-PRACTICE-Study/build/classes/java/main started by jaehoonman in /Users/jaehoonpark/Desktop/project/SPRING-BOOT-in-PRACTICE-Study)
2023-09-29 22:39:21.166 [ INFO] [  restartedMain] c.e.s.CourseTrackerSpringBootApplication : No active profile set, falling back to 1 default profile: "default"
2023-09-29 22:39:21.439 [ INFO] [  restartedMain] .s.d.r.c.RepositoryConfigurationDelegate : Bootstrapping Spring Data JPA repositories in DEFAULT mode.
2023-09-29 22:39:21.465 [ INFO] [  restartedMain] .s.d.r.c.RepositoryConfigurationDelegate : Finished Spring Data repository scanning in 22 ms. Found 2 JPA repository interfaces.
2023-09-29 22:39:21.696 [ INFO] [  restartedMain] o.a.c.h.Http11NioProtocol                : Initializing ProtocolHandler ["http-nio-8080"]
2023-09-29 22:39:21.696 [ INFO] [  restartedMain] o.a.c.c.StandardService                  : Starting service [Tomcat]
2023-09-29 22:39:21.697 [ INFO] [  restartedMain] o.a.c.c.StandardEngine                   : Starting Servlet engine: [Apache Tomcat/10.1.13]
2023-09-29 22:39:21.722 [ INFO] [  restartedMain] o.a.c.c.C.[.[.[/]                        : Initializing Spring embedded WebApplicationContext
2023-09-29 22:39:21.740 [ INFO] [  restartedMain] c.z.h.HikariDataSource                   : HikariPool-1 - Starting...
2023-09-29 22:39:21.827 [ INFO] [  restartedMain] c.z.h.p.HikariPool                       : HikariPool-1 - Added connection conn0: url=jdbc:h2:mem:sbipdb user=SA
2023-09-29 22:39:21.828 [ INFO] [  restartedMain] c.z.h.HikariDataSource                   : HikariPool-1 - Start completed.
2023-09-29 22:39:21.881 [ INFO] [  restartedMain] o.h.j.i.u.LogHelper                      : HHH000204: Processing PersistenceUnitInfo [name: default]
2023-09-29 22:39:21.903 [ INFO] [  restartedMain] o.h.Version                              : HHH000412: Hibernate ORM core version 6.2.9.Final
2023-09-29 22:39:21.904 [ INFO] [  restartedMain] o.h.c.Environment                        : HHH000406: Using bytecode reflection optimizer
2023-09-29 22:39:21.959 [ INFO] [  restartedMain] o.h.b.i.BytecodeProviderInitiator        : HHH000021: Bytecode provider name : bytebuddy
2023-09-29 22:39:22.018 [ INFO] [  restartedMain] o.s.o.j.p.SpringPersistenceUnitInfo      : No LoadTimeWeaver setup: ignoring JPA class transformer
2023-09-29 22:39:22.028 [ INFO] [  restartedMain] e.s.M.CourseTrackerSpringBootApplication : Starting CourseTrackerSpringBootApplication using Java 17.0.2 with PID 37629 (/Users/jaehoonpark/Desktop/project/SPRING-BOOT-in-PRACTICE-Study/build/classes/java/main started by jaehoonman in /Users/jaehoonpark/Desktop/project/SPRING-BOOT-in-PRACTICE-Study)
2023-09-29 22:39:22.028 [ INFO] [  restartedMain] e.s.M.CourseTrackerSpringBootApplication : No active profile set, falling back to 1 default profile: "default"
2023-09-29 22:39:22.077 [ INFO] [  restartedMain] .s.d.r.c.RepositoryConfigurationDelegate : Bootstrapping Spring Data JPA repositories in DEFAULT mode.
2023-09-29 22:39:22.078 [ INFO] [  restartedMain] .s.d.r.c.RepositoryConfigurationDelegate : Finished Spring Data repository scanning in 0 ms. Found 0 JPA repository interfaces.
2023-09-29 22:39:22.110 [ INFO] [  restartedMain] o.a.c.c.StandardService                  : Starting service [Tomcat]
2023-09-29 22:39:22.110 [ INFO] [  restartedMain] o.a.c.c.StandardEngine                   : Starting Servlet engine: [Apache Tomcat/10.1.13]
2023-09-29 22:39:22.110 [ INFO] [  restartedMain] o.h.b.i.BytecodeProviderInitiator        : HHH000021: Bytecode provider name : bytebuddy
2023-09-29 22:39:22.115 [ INFO] [  restartedMain] o.a.c.c.C.[.[.[/]                        : Initializing Spring embedded WebApplicationContext
2023-09-29 22:39:22.121 [ INFO] [  restartedMain] c.z.h.HikariDataSource                   : HikariPool-9 - Starting...
2023-09-29 22:39:22.122 [ INFO] [  restartedMain] c.z.h.p.HikariPool                       : HikariPool-9 - Added connection conn80: url=jdbc:h2:mem:sbipdb user=SA
2023-09-29 22:39:22.122 [ INFO] [  restartedMain] c.z.h.HikariDataSource                   : HikariPool-9 - Start completed.
2023-09-29 22:39:22.131 [ INFO] [  restartedMain] o.h.j.i.u.LogHelper                      : HHH000204: Processing PersistenceUnitInfo [name: default]
2023-09-29 22:39:22.133 [ INFO] [  restartedMain] o.h.b.i.BytecodeProviderInitiator        : HHH000021: Bytecode provider name : bytebuddy
2023-09-29 22:39:22.133 [ INFO] [  restartedMain] o.s.o.j.p.SpringPersistenceUnitInfo      : No LoadTimeWeaver setup: ignoring JPA class transformer
2023-09-29 22:39:22.135 [ INFO] [  restartedMain] o.h.b.i.BytecodeProviderInitiator        : HHH000021: Bytecode provider name : bytebuddy
2023-09-29 22:39:22.138 [ INFO] [  restartedMain] o.h.e.t.j.p.i.JtaPlatformInitiator       : HHH000490: Using JtaPlatform implementation: [org.hibernate.engine.transaction.jta.platform.internal.NoJtaPlatform]
2023-09-29 22:39:22.139 [ INFO] [  restartedMain] j.LocalContainerEntityManagerFactoryBean : Initialized JPA EntityManagerFactory for persistence unit 'default'
2023-09-29 22:39:22.204 [ INFO] [  restartedMain] o.a.c.h.Http11NioProtocol                : Starting ProtocolHandler ["http-nio-8080"]
2023-09-29 22:39:22.207 [ INFO] [  restartedMain] e.s.M.CourseTrackerSpringBootApplication : Started CourseTrackerSpringBootApplication in 0.197 seconds (process running for 985.459)
2023-09-29 22:39:22.207 [ INFO] [  restartedMain] c.e.s.M.MyCommandLineRunner              : MyCommandLineRunner executed as a Spring Component
2023-09-29 22:39:22.398 [ INFO] [  restartedMain] o.h.e.t.j.p.i.JtaPlatformInitiator       : HHH000490: Using JtaPlatform implementation: [org.hibernate.engine.transaction.jta.platform.internal.NoJtaPlatform]
2023-09-29 22:39:22.418 [ INFO] [  restartedMain] j.LocalContainerEntityManagerFactoryBean : Initialized JPA EntityManagerFactory for persistence unit 'default'
2023-09-29 22:39:22.424 [ INFO] [  restartedMain] j.LocalContainerEntityManagerFactoryBean : Closing JPA EntityManagerFactory for persistence unit 'default'
2023-09-29 22:39:22.633 [ WARN] [  restartedMain] o.s.b.f.s.DisposableBeanAdapter          : Invocation of destroy method failed on bean with name 'inMemoryDatabaseShutdownExecutor': org.h2.jdbc.JdbcSQLNonTransientConnectionException: Database is already closed (to disable automatic closing at VM shutdown, add ";DB_CLOSE_ON_EXIT=FALSE" to the db URL) [90121-214]
2023-09-29 22:39:22.633 [ INFO] [  restartedMain] c.z.h.HikariDataSource                   : HikariPool-1 - Shutdown initiated...
2023-09-29 22:39:22.634 [ INFO] [  restartedMain] c.z.h.HikariDataSource                   : HikariPool-1 - Shutdown completed.
2023-09-29 22:39:22.635 [ INFO] [  restartedMain] o.a.c.c.StandardService                  : Stopping service [Tomcat]
2023-09-29 22:39:41.798 [ INFO] [      Thread-34] o.a.c.h.Http11NioProtocol                : Pausing ProtocolHandler ["http-nio-8080"]
2023-09-29 22:39:41.798 [ INFO] [      Thread-34] o.a.c.c.StandardService                  : Stopping service [Tomcat]
2023-09-29 22:39:41.799 [ INFO] [      Thread-34] o.a.c.h.Http11NioProtocol                : Stopping ProtocolHandler ["http-nio-8080"]
2023-09-29 22:39:41.800 [ INFO] [      Thread-34] o.a.c.h.Http11NioProtocol                : Destroying ProtocolHandler ["http-nio-8080"]
2023-09-29 22:39:41.800 [ INFO] [      Thread-34] j.LocalContainerEntityManagerFactoryBean : Closing JPA EntityManagerFactory for persistence unit 'default'
2023-09-29 22:39:42.002 [ WARN] [      Thread-34] o.s.b.f.s.DisposableBeanAdapter          : Invocation of destroy method failed on bean with name 'inMemoryDatabaseShutdownExecutor': org.h2.jdbc.JdbcSQLNonTransientConnectionException: Database is already closed (to disable automatic closing at VM shutdown, add ";DB_CLOSE_ON_EXIT=FALSE" to the db URL) [90121-214]
2023-09-29 22:39:42.002 [ INFO] [      Thread-34] c.z.h.HikariDataSource                   : HikariPool-9 - Shutdown initiated...
2023-09-29 22:39:42.003 [ INFO] [      Thread-34] c.z.h.HikariDataSource                   : HikariPool-9 - Shutdown completed.
2023-09-29 22:40:44.303 [ INFO] [  restartedMain] e.s.M.CourseTrackerSpringBootApplication : Starting CourseTrackerSpringBootApplication using Java 17.0.2 with PID 37629 (/Users/jaehoonpark/Desktop/project/SPRING-BOOT-in-PRACTICE-Study/build/classes/java/main started by jaehoonman in /Users/jaehoonpark/Desktop/project/SPRING-BOOT-in-PRACTICE-Study)
2023-09-29 22:40:44.303 [ INFO] [  restartedMain] e.s.M.CourseTrackerSpringBootApplication : No active profile set, falling back to 1 default profile: "default"
2023-09-29 22:40:44.351 [ INFO] [  restartedMain] .s.d.r.c.RepositoryConfigurationDelegate : Bootstrapping Spring Data JPA repositories in DEFAULT mode.
2023-09-29 22:40:44.352 [ INFO] [  restartedMain] .s.d.r.c.RepositoryConfigurationDelegate : Finished Spring Data repository scanning in 0 ms. Found 0 JPA repository interfaces.
2023-09-29 22:40:44.382 [ INFO] [  restartedMain] o.a.c.c.StandardService                  : Starting service [Tomcat]
2023-09-29 22:40:44.382 [ INFO] [  restartedMain] o.a.c.c.StandardEngine                   : Starting Servlet engine: [Apache Tomcat/10.1.13]
2023-09-29 22:40:44.387 [ INFO] [  restartedMain] o.a.c.c.C.[.[.[/]                        : Initializing Spring embedded WebApplicationContext
2023-09-29 22:40:44.392 [ INFO] [  restartedMain] c.z.h.HikariDataSource                   : HikariPool-11 - Starting...
2023-09-29 22:40:44.393 [ INFO] [  restartedMain] c.z.h.p.HikariPool                       : HikariPool-11 - Added connection conn100: url=jdbc:h2:mem:sbipdb user=SA
2023-09-29 22:40:44.393 [ INFO] [  restartedMain] c.z.h.HikariDataSource                   : HikariPool-11 - Start completed.
2023-09-29 22:40:44.402 [ INFO] [  restartedMain] o.h.j.i.u.LogHelper                      : HHH000204: Processing PersistenceUnitInfo [name: default]
2023-09-29 22:40:44.405 [ INFO] [  restartedMain] o.h.b.i.BytecodeProviderInitiator        : HHH000021: Bytecode provider name : bytebuddy
2023-09-29 22:40:44.405 [ INFO] [  restartedMain] o.s.o.j.p.SpringPersistenceUnitInfo      : No LoadTimeWeaver setup: ignoring JPA class transformer
2023-09-29 22:40:44.407 [ INFO] [  restartedMain] o.h.b.i.BytecodeProviderInitiator        : HHH000021: Bytecode provider name : bytebuddy
2023-09-29 22:40:44.410 [ INFO] [  restartedMain] o.h.e.t.j.p.i.JtaPlatformInitiator       : HHH000490: Using JtaPlatform implementation: [org.hibernate.engine.transaction.jta.platform.internal.NoJtaPlatform]
2023-09-29 22:40:44.410 [ INFO] [  restartedMain] j.LocalContainerEntityManagerFactoryBean : Initialized JPA EntityManagerFactory for persistence unit 'default'
2023-09-29 22:40:44.470 [ INFO] [  restartedMain] o.a.c.h.Http11NioProtocol                : Starting ProtocolHandler ["http-nio-8080"]
2023-09-29 22:40:44.473 [ INFO] [  restartedMain] e.s.M.CourseTrackerSpringBootApplication : Started CourseTrackerSpringBootApplication in 0.187 seconds (process running for 1067.725)
2023-09-29 22:40:44.473 [ INFO] [  restartedMain] c.e.s.M.MyCommandLineRunner              : MyCommandLineRunner executed as a Spring Component
2023-09-29 22:40:51.336 [ INFO] [kground-preinit] o.h.v.i.u.Version                        : HV000001: Hibernate Validator 8.0.1.Final
2023-09-29 22:40:51.349 [ INFO] [  restartedMain] c.e.s.CourseTrackerSpringBootApplication : Starting CourseTrackerSpringBootApplication using Java 17.0.2 with PID 37983 (/Users/jaehoonpark/Desktop/project/SPRING-BOOT-in-PRACTICE-Study/build/classes/java/main started by jaehoonman in /Users/jaehoonpark/Desktop/project/SPRING-BOOT-in-PRACTICE-Study)
2023-09-29 22:40:51.350 [ INFO] [  restartedMain] c.e.s.CourseTrackerSpringBootApplication : No active profile set, falling back to 1 default profile: "default"
2023-09-29 22:40:51.602 [ INFO] [  restartedMain] .s.d.r.c.RepositoryConfigurationDelegate : Bootstrapping Spring Data JPA repositories in DEFAULT mode.
2023-09-29 22:40:51.624 [ INFO] [  restartedMain] .s.d.r.c.RepositoryConfigurationDelegate : Finished Spring Data repository scanning in 18 ms. Found 2 JPA repository interfaces.
2023-09-29 22:40:51.856 [ INFO] [  restartedMain] o.a.c.h.Http11NioProtocol                : Initializing ProtocolHandler ["http-nio-8080"]
2023-09-29 22:40:51.857 [ INFO] [  restartedMain] o.a.c.c.StandardService                  : Starting service [Tomcat]
2023-09-29 22:40:51.857 [ INFO] [  restartedMain] o.a.c.c.StandardEngine                   : Starting Servlet engine: [Apache Tomcat/10.1.13]
2023-09-29 22:40:51.883 [ INFO] [  restartedMain] o.a.c.c.C.[.[.[/]                        : Initializing Spring embedded WebApplicationContext
2023-09-29 22:40:51.902 [ INFO] [  restartedMain] c.z.h.HikariDataSource                   : HikariPool-1 - Starting...
2023-09-29 22:40:51.987 [ INFO] [  restartedMain] c.z.h.p.HikariPool                       : HikariPool-1 - Added connection conn0: url=jdbc:h2:mem:sbipdb user=SA
2023-09-29 22:40:51.988 [ INFO] [  restartedMain] c.z.h.HikariDataSource                   : HikariPool-1 - Start completed.
2023-09-29 22:40:52.042 [ INFO] [  restartedMain] o.h.j.i.u.LogHelper                      : HHH000204: Processing PersistenceUnitInfo [name: default]
2023-09-29 22:40:52.062 [ INFO] [  restartedMain] o.h.Version                              : HHH000412: Hibernate ORM core version 6.2.9.Final
2023-09-29 22:40:52.063 [ INFO] [  restartedMain] o.h.c.Environment                        : HHH000406: Using bytecode reflection optimizer
2023-09-29 22:40:52.116 [ INFO] [  restartedMain] o.h.b.i.BytecodeProviderInitiator        : HHH000021: Bytecode provider name : bytebuddy
2023-09-29 22:40:52.178 [ INFO] [  restartedMain] o.s.o.j.p.SpringPersistenceUnitInfo      : No LoadTimeWeaver setup: ignoring JPA class transformer
2023-09-29 22:40:52.266 [ INFO] [  restartedMain] o.h.b.i.BytecodeProviderInitiator        : HHH000021: Bytecode provider name : bytebuddy
2023-09-29 22:40:52.520 [ INFO] [  restartedMain] o.h.e.t.j.p.i.JtaPlatformInitiator       : HHH000490: Using JtaPlatform implementation: [org.hibernate.engine.transaction.jta.platform.internal.NoJtaPlatform]
2023-09-29 22:40:52.536 [ INFO] [  restartedMain] j.LocalContainerEntityManagerFactoryBean : Initialized JPA EntityManagerFactory for persistence unit 'default'
2023-09-29 22:40:52.541 [ INFO] [  restartedMain] j.LocalContainerEntityManagerFactoryBean : Closing JPA EntityManagerFactory for persistence unit 'default'
2023-09-29 22:40:52.751 [ WARN] [  restartedMain] o.s.b.f.s.DisposableBeanAdapter          : Invocation of destroy method failed on bean with name 'inMemoryDatabaseShutdownExecutor': org.h2.jdbc.JdbcSQLNonTransientConnectionException: Database is already closed (to disable automatic closing at VM shutdown, add ";DB_CLOSE_ON_EXIT=FALSE" to the db URL) [90121-214]
2023-09-29 22:40:52.751 [ INFO] [  restartedMain] c.z.h.HikariDataSource                   : HikariPool-1 - Shutdown initiated...
2023-09-29 22:40:52.752 [ INFO] [  restartedMain] c.z.h.HikariDataSource                   : HikariPool-1 - Shutdown completed.
2023-09-29 22:40:52.754 [ INFO] [  restartedMain] o.a.c.c.StandardService                  : Stopping service [Tomcat]
2023-09-29 22:41:19.232 [ INFO] [      Thread-42] o.a.c.h.Http11NioProtocol                : Pausing ProtocolHandler ["http-nio-8080"]
2023-09-29 22:41:19.232 [ INFO] [      Thread-42] o.a.c.c.StandardService                  : Stopping service [Tomcat]
2023-09-29 22:41:19.233 [ INFO] [      Thread-42] o.a.c.h.Http11NioProtocol                : Stopping ProtocolHandler ["http-nio-8080"]
2023-09-29 22:41:19.234 [ INFO] [      Thread-42] o.a.c.h.Http11NioProtocol                : Destroying ProtocolHandler ["http-nio-8080"]
2023-09-29 22:41:19.234 [ INFO] [      Thread-42] j.LocalContainerEntityManagerFactoryBean : Closing JPA EntityManagerFactory for persistence unit 'default'
2023-09-29 22:41:19.283 [ INFO] [kground-preinit] o.h.v.i.u.Version                        : HV000001: Hibernate Validator 8.0.1.Final
2023-09-29 22:41:19.299 [ INFO] [  restartedMain] c.e.s.CourseTrackerSpringBootApplication : Starting CourseTrackerSpringBootApplication using Java 17.0.2 with PID 37996 (/Users/jaehoonpark/Desktop/project/SPRING-BOOT-in-PRACTICE-Study/build/classes/java/main started by jaehoonman in /Users/jaehoonpark/Desktop/project/SPRING-BOOT-in-PRACTICE-Study)
2023-09-29 22:41:19.300 [ INFO] [  restartedMain] c.e.s.CourseTrackerSpringBootApplication : No active profile set, falling back to 1 default profile: "default"
2023-09-29 22:41:19.440 [ WARN] [      Thread-42] o.s.b.f.s.DisposableBeanAdapter          : Invocation of destroy method failed on bean with name 'inMemoryDatabaseShutdownExecutor': org.h2.jdbc.JdbcSQLNonTransientConnectionException: Database is already closed (to disable automatic closing at VM shutdown, add ";DB_CLOSE_ON_EXIT=FALSE" to the db URL) [90121-214]
2023-09-29 22:41:19.440 [ INFO] [      Thread-42] c.z.h.HikariDataSource                   : HikariPool-11 - Shutdown initiated...
2023-09-29 22:41:19.440 [ INFO] [      Thread-42] c.z.h.HikariDataSource                   : HikariPool-11 - Shutdown completed.
2023-09-29 22:41:19.481 [ INFO] [  restartedMain] e.s.M.CourseTrackerSpringBootApplication : Starting CourseTrackerSpringBootApplication using Java 17.0.2 with PID 37629 (/Users/jaehoonpark/Desktop/project/SPRING-BOOT-in-PRACTICE-Study/build/classes/java/main started by jaehoonman in /Users/jaehoonpark/Desktop/project/SPRING-BOOT-in-PRACTICE-Study)
2023-09-29 22:41:19.481 [ INFO] [  restartedMain] e.s.M.CourseTrackerSpringBootApplication : No active profile set, falling back to 1 default profile: "default"
2023-09-29 22:41:19.534 [ INFO] [  restartedMain] .s.d.r.c.RepositoryConfigurationDelegate : Bootstrapping Spring Data JPA repositories in DEFAULT mode.
2023-09-29 22:41:19.535 [ INFO] [  restartedMain] .s.d.r.c.RepositoryConfigurationDelegate : Finished Spring Data repository scanning in 0 ms. Found 0 JPA repository interfaces.
2023-09-29 22:41:19.568 [ INFO] [  restartedMain] o.a.c.h.Http11NioProtocol                : Initializing ProtocolHandler ["http-nio-8080"]
2023-09-29 22:41:19.568 [ INFO] [  restartedMain] o.a.c.c.StandardService                  : Starting service [Tomcat]
2023-09-29 22:41:19.568 [ INFO] [  restartedMain] o.a.c.c.StandardEngine                   : Starting Servlet engine: [Apache Tomcat/10.1.13]
2023-09-29 22:41:19.572 [ INFO] [  restartedMain] o.a.c.c.C.[.[.[/]                        : Initializing Spring embedded WebApplicationContext
2023-09-29 22:41:19.578 [ INFO] [  restartedMain] c.z.h.HikariDataSource                   : HikariPool-12 - Starting...
2023-09-29 22:41:19.579 [ INFO] [  restartedMain] c.z.h.p.HikariPool                       : HikariPool-12 - Added connection conn110: url=jdbc:h2:mem:sbipdb user=SA
2023-09-29 22:41:19.579 [ INFO] [  restartedMain] c.z.h.HikariDataSource                   : HikariPool-12 - Start completed.
2023-09-29 22:41:19.590 [ INFO] [  restartedMain] o.h.j.i.u.LogHelper                      : HHH000204: Processing PersistenceUnitInfo [name: default]
2023-09-29 22:41:19.593 [ INFO] [  restartedMain] o.h.b.i.BytecodeProviderInitiator        : HHH000021: Bytecode provider name : bytebuddy
2023-09-29 22:41:19.593 [ INFO] [  restartedMain] o.s.o.j.p.SpringPersistenceUnitInfo      : No LoadTimeWeaver setup: ignoring JPA class transformer
2023-09-29 22:41:19.594 [ INFO] [  restartedMain] o.h.b.i.BytecodeProviderInitiator        : HHH000021: Bytecode provider name : bytebuddy
2023-09-29 22:41:19.597 [ INFO] [  restartedMain] o.h.e.t.j.p.i.JtaPlatformInitiator       : HHH000490: Using JtaPlatform implementation: [org.hibernate.engine.transaction.jta.platform.internal.NoJtaPlatform]
2023-09-29 22:41:19.597 [ INFO] [  restartedMain] j.LocalContainerEntityManagerFactoryBean : Initialized JPA EntityManagerFactory for persistence unit 'default'
2023-09-29 22:41:19.608 [ INFO] [  restartedMain] .s.d.r.c.RepositoryConfigurationDelegate : Bootstrapping Spring Data JPA repositories in DEFAULT mode.
2023-09-29 22:41:19.637 [ INFO] [  restartedMain] .s.d.r.c.RepositoryConfigurationDelegate : Finished Spring Data repository scanning in 25 ms. Found 2 JPA repository interfaces.
2023-09-29 22:41:19.660 [ INFO] [  restartedMain] o.a.c.h.Http11NioProtocol                : Starting ProtocolHandler ["http-nio-8080"]
2023-09-29 22:41:19.663 [ INFO] [  restartedMain] e.s.M.CourseTrackerSpringBootApplication : Started CourseTrackerSpringBootApplication in 0.201 seconds (process running for 1102.916)
2023-09-29 22:41:19.663 [ INFO] [  restartedMain] c.e.s.M.MyCommandLineRunner              : MyCommandLineRunner executed as a Spring Component
2023-09-29 22:41:19.912 [ INFO] [  restartedMain] o.a.c.h.Http11NioProtocol                : Initializing ProtocolHandler ["http-nio-8080"]
2023-09-29 22:41:19.913 [ INFO] [  restartedMain] o.a.c.c.StandardService                  : Starting service [Tomcat]
2023-09-29 22:41:19.913 [ INFO] [  restartedMain] o.a.c.c.StandardEngine                   : Starting Servlet engine: [Apache Tomcat/10.1.13]
2023-09-29 22:41:19.939 [ INFO] [  restartedMain] o.a.c.c.C.[.[.[/]                        : Initializing Spring embedded WebApplicationContext
2023-09-29 22:41:19.960 [ INFO] [  restartedMain] c.z.h.HikariDataSource                   : HikariPool-1 - Starting...
2023-09-29 22:41:20.055 [ INFO] [  restartedMain] c.z.h.p.HikariPool                       : HikariPool-1 - Added connection conn0: url=jdbc:h2:mem:sbipdb user=SA
2023-09-29 22:41:20.055 [ INFO] [  restartedMain] c.z.h.HikariDataSource                   : HikariPool-1 - Start completed.
2023-09-29 22:41:20.114 [ INFO] [  restartedMain] o.h.j.i.u.LogHelper                      : HHH000204: Processing PersistenceUnitInfo [name: default]
2023-09-29 22:41:20.142 [ INFO] [  restartedMain] o.h.Version                              : HHH000412: Hibernate ORM core version 6.2.9.Final
2023-09-29 22:41:20.143 [ INFO] [  restartedMain] o.h.c.Environment                        : HHH000406: Using bytecode reflection optimizer
2023-09-29 22:41:20.198 [ INFO] [  restartedMain] o.h.b.i.BytecodeProviderInitiator        : HHH000021: Bytecode provider name : bytebuddy
2023-09-29 22:41:20.260 [ INFO] [  restartedMain] o.s.o.j.p.SpringPersistenceUnitInfo      : No LoadTimeWeaver setup: ignoring JPA class transformer
2023-09-29 22:41:20.358 [ INFO] [  restartedMain] o.h.b.i.BytecodeProviderInitiator        : HHH000021: Bytecode provider name : bytebuddy
2023-09-29 22:41:20.654 [ INFO] [  restartedMain] o.h.e.t.j.p.i.JtaPlatformInitiator       : HHH000490: Using JtaPlatform implementation: [org.hibernate.engine.transaction.jta.platform.internal.NoJtaPlatform]
2023-09-29 22:41:20.673 [ INFO] [  restartedMain] j.LocalContainerEntityManagerFactoryBean : Initialized JPA EntityManagerFactory for persistence unit 'default'
2023-09-29 22:41:20.923 [ INFO] [  restartedMain] j.LocalContainerEntityManagerFactoryBean : Closing JPA EntityManagerFactory for persistence unit 'default'
2023-09-29 22:41:21.132 [ WARN] [  restartedMain] o.s.b.f.s.DisposableBeanAdapter          : Invocation of destroy method failed on bean with name 'inMemoryDatabaseShutdownExecutor': org.h2.jdbc.JdbcSQLNonTransientConnectionException: Database is already closed (to disable automatic closing at VM shutdown, add ";DB_CLOSE_ON_EXIT=FALSE" to the db URL) [90121-214]
2023-09-29 22:41:21.133 [ INFO] [  restartedMain] c.z.h.HikariDataSource                   : HikariPool-1 - Shutdown initiated...
2023-09-29 22:41:21.135 [ INFO] [  restartedMain] c.z.h.HikariDataSource                   : HikariPool-1 - Shutdown completed.
2023-09-29 22:41:21.137 [ INFO] [  restartedMain] o.a.c.c.StandardService                  : Stopping service [Tomcat]
2023-09-29 22:44:18.198 [ INFO] [      Thread-46] o.a.c.h.Http11NioProtocol                : Pausing ProtocolHandler ["http-nio-8080"]
2023-09-29 22:44:18.199 [ INFO] [      Thread-46] o.a.c.c.StandardService                  : Stopping service [Tomcat]
2023-09-29 22:44:18.200 [ INFO] [      Thread-46] o.a.c.h.Http11NioProtocol                : Stopping ProtocolHandler ["http-nio-8080"]
2023-09-29 22:44:18.201 [ INFO] [      Thread-46] o.a.c.h.Http11NioProtocol                : Destroying ProtocolHandler ["http-nio-8080"]
2023-09-29 22:44:18.201 [ INFO] [      Thread-46] j.LocalContainerEntityManagerFactoryBean : Closing JPA EntityManagerFactory for persistence unit 'default'
2023-09-29 22:44:18.407 [ WARN] [      Thread-46] o.s.b.f.s.DisposableBeanAdapter          : Invocation of destroy method failed on bean with name 'inMemoryDatabaseShutdownExecutor': org.h2.jdbc.JdbcSQLNonTransientConnectionException: Database is already closed (to disable automatic closing at VM shutdown, add ";DB_CLOSE_ON_EXIT=FALSE" to the db URL) [90121-214]
2023-09-29 22:44:18.408 [ INFO] [      Thread-46] c.z.h.HikariDataSource                   : HikariPool-12 - Shutdown initiated...
2023-09-29 22:44:18.409 [ INFO] [      Thread-46] c.z.h.HikariDataSource                   : HikariPool-12 - Shutdown completed.
2023-09-29 22:44:18.666 [ INFO] [  restartedMain] e.s.M.CourseTrackerSpringBootApplication : Starting CourseTrackerSpringBootApplication using Java 17.0.2 with PID 37629 (/Users/jaehoonpark/Desktop/project/SPRING-BOOT-in-PRACTICE-Study/build/classes/java/main started by jaehoonman in /Users/jaehoonpark/Desktop/project/SPRING-BOOT-in-PRACTICE-Study)
2023-09-29 22:44:18.667 [ INFO] [  restartedMain] e.s.M.CourseTrackerSpringBootApplication : No active profile set, falling back to 1 default profile: "default"
2023-09-29 22:44:18.725 [ INFO] [  restartedMain] .s.d.r.c.RepositoryConfigurationDelegate : Bootstrapping Spring Data JPA repositories in DEFAULT mode.
2023-09-29 22:44:18.725 [ INFO] [  restartedMain] .s.d.r.c.RepositoryConfigurationDelegate : Finished Spring Data repository scanning in 0 ms. Found 0 JPA repository interfaces.
2023-09-29 22:44:18.756 [ INFO] [  restartedMain] o.a.c.h.Http11NioProtocol                : Initializing ProtocolHandler ["http-nio-8080"]
2023-09-29 22:44:18.756 [ INFO] [  restartedMain] o.a.c.c.StandardService                  : Starting service [Tomcat]
2023-09-29 22:44:18.756 [ INFO] [  restartedMain] o.a.c.c.StandardEngine                   : Starting Servlet engine: [Apache Tomcat/10.1.13]
2023-09-29 22:44:18.761 [ INFO] [  restartedMain] o.a.c.c.C.[.[.[/]                        : Initializing Spring embedded WebApplicationContext
2023-09-29 22:44:18.766 [ INFO] [  restartedMain] c.z.h.HikariDataSource                   : HikariPool-13 - Starting...
2023-09-29 22:44:18.766 [ INFO] [  restartedMain] c.z.h.p.HikariPool                       : HikariPool-13 - Added connection conn120: url=jdbc:h2:mem:sbipdb user=SA
2023-09-29 22:44:18.767 [ INFO] [  restartedMain] c.z.h.HikariDataSource                   : HikariPool-13 - Start completed.
2023-09-29 22:44:18.775 [ INFO] [  restartedMain] o.h.j.i.u.LogHelper                      : HHH000204: Processing PersistenceUnitInfo [name: default]
2023-09-29 22:44:18.778 [ INFO] [  restartedMain] o.h.b.i.BytecodeProviderInitiator        : HHH000021: Bytecode provider name : bytebuddy
2023-09-29 22:44:18.778 [ INFO] [  restartedMain] o.s.o.j.p.SpringPersistenceUnitInfo      : No LoadTimeWeaver setup: ignoring JPA class transformer
2023-09-29 22:44:18.779 [ INFO] [  restartedMain] o.h.b.i.BytecodeProviderInitiator        : HHH000021: Bytecode provider name : bytebuddy
2023-09-29 22:44:18.782 [ INFO] [  restartedMain] o.h.e.t.j.p.i.JtaPlatformInitiator       : HHH000490: Using JtaPlatform implementation: [org.hibernate.engine.transaction.jta.platform.internal.NoJtaPlatform]
2023-09-29 22:44:18.782 [ INFO] [  restartedMain] j.LocalContainerEntityManagerFactoryBean : Initialized JPA EntityManagerFactory for persistence unit 'default'
2023-09-29 22:44:18.841 [ INFO] [  restartedMain] o.a.c.h.Http11NioProtocol                : Starting ProtocolHandler ["http-nio-8080"]
2023-09-29 22:44:18.844 [ INFO] [  restartedMain] e.s.M.CourseTrackerSpringBootApplication : Started CourseTrackerSpringBootApplication in 0.405 seconds (process running for 1282.097)
2023-09-29 22:46:51.709 [ INFO] [      Thread-50] o.a.c.h.Http11NioProtocol                : Pausing ProtocolHandler ["http-nio-8080"]
2023-09-29 22:46:51.710 [ INFO] [      Thread-50] o.a.c.c.StandardService                  : Stopping service [Tomcat]
2023-09-29 22:46:51.714 [ INFO] [      Thread-50] o.a.c.h.Http11NioProtocol                : Stopping ProtocolHandler ["http-nio-8080"]
2023-09-29 22:46:51.716 [ INFO] [      Thread-50] o.a.c.h.Http11NioProtocol                : Destroying ProtocolHandler ["http-nio-8080"]
2023-09-29 22:46:51.718 [ INFO] [      Thread-50] j.LocalContainerEntityManagerFactoryBean : Closing JPA EntityManagerFactory for persistence unit 'default'
2023-09-29 22:46:51.927 [ WARN] [      Thread-50] o.s.b.f.s.DisposableBeanAdapter          : Invocation of destroy method failed on bean with name 'inMemoryDatabaseShutdownExecutor': org.h2.jdbc.JdbcSQLNonTransientConnectionException: Database is already closed (to disable automatic closing at VM shutdown, add ";DB_CLOSE_ON_EXIT=FALSE" to the db URL) [90121-214]
2023-09-29 22:46:51.928 [ INFO] [      Thread-50] c.z.h.HikariDataSource                   : HikariPool-13 - Shutdown initiated...
2023-09-29 22:46:51.943 [ INFO] [      Thread-50] c.z.h.HikariDataSource                   : HikariPool-13 - Shutdown completed.
2023-09-29 22:46:52.003 [ INFO] [  restartedMain] e.s.M.CourseTrackerSpringBootApplication : Starting CourseTrackerSpringBootApplication using Java 17.0.2 with PID 37629 (/Users/jaehoonpark/Desktop/project/SPRING-BOOT-in-PRACTICE-Study/build/classes/java/main started by jaehoonman in /Users/jaehoonpark/Desktop/project/SPRING-BOOT-in-PRACTICE-Study)
2023-09-29 22:46:52.003 [ INFO] [  restartedMain] e.s.M.CourseTrackerSpringBootApplication : No active profile set, falling back to 1 default profile: "default"
2023-09-29 22:46:52.051 [ INFO] [  restartedMain] .s.d.r.c.RepositoryConfigurationDelegate : Bootstrapping Spring Data JPA repositories in DEFAULT mode.
2023-09-29 22:46:52.051 [ INFO] [  restartedMain] .s.d.r.c.RepositoryConfigurationDelegate : Finished Spring Data repository scanning in 0 ms. Found 0 JPA repository interfaces.
2023-09-29 22:46:52.084 [ INFO] [  restartedMain] o.a.c.h.Http11NioProtocol                : Initializing ProtocolHandler ["http-nio-8080"]
2023-09-29 22:46:52.084 [ INFO] [  restartedMain] o.a.c.c.StandardService                  : Starting service [Tomcat]
2023-09-29 22:46:52.084 [ INFO] [  restartedMain] o.a.c.c.StandardEngine                   : Starting Servlet engine: [Apache Tomcat/10.1.13]
2023-09-29 22:46:52.089 [ INFO] [  restartedMain] o.a.c.c.C.[.[.[/]                        : Initializing Spring embedded WebApplicationContext
2023-09-29 22:46:52.094 [ INFO] [  restartedMain] c.z.h.HikariDataSource                   : HikariPool-14 - Starting...
2023-09-29 22:46:52.095 [ INFO] [  restartedMain] c.z.h.p.HikariPool                       : HikariPool-14 - Added connection conn130: url=jdbc:h2:mem:sbipdb user=SA
2023-09-29 22:46:52.095 [ INFO] [  restartedMain] c.z.h.HikariDataSource                   : HikariPool-14 - Start completed.
2023-09-29 22:46:52.104 [ INFO] [  restartedMain] o.h.j.i.u.LogHelper                      : HHH000204: Processing PersistenceUnitInfo [name: default]
2023-09-29 22:46:52.107 [ INFO] [  restartedMain] o.h.b.i.BytecodeProviderInitiator        : HHH000021: Bytecode provider name : bytebuddy
2023-09-29 22:46:52.107 [ INFO] [  restartedMain] o.s.o.j.p.SpringPersistenceUnitInfo      : No LoadTimeWeaver setup: ignoring JPA class transformer
2023-09-29 22:46:52.109 [ INFO] [  restartedMain] o.h.b.i.BytecodeProviderInitiator        : HHH000021: Bytecode provider name : bytebuddy
2023-09-29 22:46:52.112 [ INFO] [  restartedMain] o.h.e.t.j.p.i.JtaPlatformInitiator       : HHH000490: Using JtaPlatform implementation: [org.hibernate.engine.transaction.jta.platform.internal.NoJtaPlatform]
2023-09-29 22:46:52.112 [ INFO] [  restartedMain] j.LocalContainerEntityManagerFactoryBean : Initialized JPA EntityManagerFactory for persistence unit 'default'
2023-09-29 22:46:52.172 [ INFO] [  restartedMain] o.a.c.h.Http11NioProtocol                : Starting ProtocolHandler ["http-nio-8080"]
2023-09-29 22:46:52.174 [ INFO] [  restartedMain] e.s.M.CourseTrackerSpringBootApplication : Started CourseTrackerSpringBootApplication in 0.191 seconds (process running for 1435.428)
2023-09-29 22:47:15.959 [ INFO] [kground-preinit] o.h.v.i.u.Version                        : HV000001: Hibernate Validator 8.0.1.Final
2023-09-29 22:47:15.973 [ INFO] [  restartedMain] e.s.SpringBootInPracticeStudyApplication : Starting SpringBootInPracticeStudyApplication using Java 17.0.2 with PID 38168 (/Users/jaehoonpark/Desktop/project/SPRING-BOOT-in-PRACTICE-Study/build/classes/java/main started by jaehoonman in /Users/jaehoonpark/Desktop/project/SPRING-BOOT-in-PRACTICE-Study)
2023-09-29 22:47:15.975 [ INFO] [  restartedMain] e.s.SpringBootInPracticeStudyApplication : No active profile set, falling back to 1 default profile: "default"
2023-09-29 22:47:16.231 [ INFO] [  restartedMain] .s.d.r.c.RepositoryConfigurationDelegate : Bootstrapping Spring Data JPA repositories in DEFAULT mode.
2023-09-29 22:47:16.252 [ INFO] [  restartedMain] .s.d.r.c.RepositoryConfigurationDelegate : Finished Spring Data repository scanning in 18 ms. Found 2 JPA repository interfaces.
2023-09-29 22:47:16.481 [ INFO] [  restartedMain] o.a.c.h.Http11NioProtocol                : Initializing ProtocolHandler ["http-nio-8080"]
2023-09-29 22:47:16.482 [ INFO] [  restartedMain] o.a.c.c.StandardService                  : Starting service [Tomcat]
2023-09-29 22:47:16.482 [ INFO] [  restartedMain] o.a.c.c.StandardEngine                   : Starting Servlet engine: [Apache Tomcat/10.1.13]
2023-09-29 22:47:16.508 [ INFO] [  restartedMain] o.a.c.c.C.[.[.[/]                        : Initializing Spring embedded WebApplicationContext
2023-09-29 22:47:16.523 [ INFO] [  restartedMain] c.z.h.HikariDataSource                   : HikariPool-1 - Starting...
2023-09-29 22:47:16.610 [ INFO] [  restartedMain] c.z.h.p.HikariPool                       : HikariPool-1 - Added connection conn0: url=jdbc:h2:mem:sbipdb user=SA
2023-09-29 22:47:16.611 [ INFO] [  restartedMain] c.z.h.HikariDataSource                   : HikariPool-1 - Start completed.
2023-09-29 22:47:16.670 [ INFO] [  restartedMain] o.h.j.i.u.LogHelper                      : HHH000204: Processing PersistenceUnitInfo [name: default]
2023-09-29 22:47:16.694 [ INFO] [  restartedMain] o.h.Version                              : HHH000412: Hibernate ORM core version 6.2.9.Final
2023-09-29 22:47:16.695 [ INFO] [  restartedMain] o.h.c.Environment                        : HHH000406: Using bytecode reflection optimizer
2023-09-29 22:47:16.749 [ INFO] [  restartedMain] o.h.b.i.BytecodeProviderInitiator        : HHH000021: Bytecode provider name : bytebuddy
2023-09-29 22:47:16.803 [ INFO] [      Thread-54] o.a.c.h.Http11NioProtocol                : Pausing ProtocolHandler ["http-nio-8080"]
2023-09-29 22:47:16.803 [ INFO] [      Thread-54] o.a.c.c.StandardService                  : Stopping service [Tomcat]
2023-09-29 22:47:16.804 [ INFO] [      Thread-54] o.a.c.h.Http11NioProtocol                : Stopping ProtocolHandler ["http-nio-8080"]
2023-09-29 22:47:16.805 [ INFO] [      Thread-54] o.a.c.h.Http11NioProtocol                : Destroying ProtocolHandler ["http-nio-8080"]
2023-09-29 22:47:16.805 [ INFO] [      Thread-54] j.LocalContainerEntityManagerFactoryBean : Closing JPA EntityManagerFactory for persistence unit 'default'
2023-09-29 22:47:16.806 [ INFO] [  restartedMain] o.s.o.j.p.SpringPersistenceUnitInfo      : No LoadTimeWeaver setup: ignoring JPA class transformer
2023-09-29 22:47:16.900 [ INFO] [  restartedMain] o.h.b.i.BytecodeProviderInitiator        : HHH000021: Bytecode provider name : bytebuddy
2023-09-29 22:47:17.011 [ WARN] [      Thread-54] o.s.b.f.s.DisposableBeanAdapter          : Invocation of destroy method failed on bean with name 'inMemoryDatabaseShutdownExecutor': org.h2.jdbc.JdbcSQLNonTransientConnectionException: Database is already closed (to disable automatic closing at VM shutdown, add ";DB_CLOSE_ON_EXIT=FALSE" to the db URL) [90121-214]
2023-09-29 22:47:17.011 [ INFO] [      Thread-54] c.z.h.HikariDataSource                   : HikariPool-14 - Shutdown initiated...
2023-09-29 22:47:17.011 [ INFO] [      Thread-54] c.z.h.HikariDataSource                   : HikariPool-14 - Shutdown completed.
2023-09-29 22:47:17.047 [ INFO] [  restartedMain] e.s.M.CourseTrackerSpringBootApplication : Starting CourseTrackerSpringBootApplication using Java 17.0.2 with PID 37629 (/Users/jaehoonpark/Desktop/project/SPRING-BOOT-in-PRACTICE-Study/build/classes/java/main started by jaehoonman in /Users/jaehoonpark/Desktop/project/SPRING-BOOT-in-PRACTICE-Study)
2023-09-29 22:47:17.048 [ INFO] [  restartedMain] e.s.M.CourseTrackerSpringBootApplication : No active profile set, falling back to 1 default profile: "default"
2023-09-29 22:47:17.093 [ INFO] [  restartedMain] .s.d.r.c.RepositoryConfigurationDelegate : Bootstrapping Spring Data JPA repositories in DEFAULT mode.
2023-09-29 22:47:17.094 [ INFO] [  restartedMain] .s.d.r.c.RepositoryConfigurationDelegate : Finished Spring Data repository scanning in 0 ms. Found 0 JPA repository interfaces.
2023-09-29 22:47:17.125 [ INFO] [  restartedMain] o.a.c.h.Http11NioProtocol                : Initializing ProtocolHandler ["http-nio-8080"]
2023-09-29 22:47:17.125 [ INFO] [  restartedMain] o.a.c.c.StandardService                  : Starting service [Tomcat]
2023-09-29 22:47:17.125 [ INFO] [  restartedMain] o.a.c.c.StandardEngine                   : Starting Servlet engine: [Apache Tomcat/10.1.13]
2023-09-29 22:47:17.130 [ INFO] [  restartedMain] o.a.c.c.C.[.[.[/]                        : Initializing Spring embedded WebApplicationContext
2023-09-29 22:47:17.135 [ INFO] [  restartedMain] c.z.h.HikariDataSource                   : HikariPool-15 - Starting...
2023-09-29 22:47:17.136 [ INFO] [  restartedMain] c.z.h.p.HikariPool                       : HikariPool-15 - Added connection conn140: url=jdbc:h2:mem:sbipdb user=SA
2023-09-29 22:47:17.136 [ INFO] [  restartedMain] c.z.h.HikariDataSource                   : HikariPool-15 - Start completed.
2023-09-29 22:47:17.145 [ INFO] [  restartedMain] o.h.j.i.u.LogHelper                      : HHH000204: Processing PersistenceUnitInfo [name: default]
2023-09-29 22:47:17.148 [ INFO] [  restartedMain] o.h.b.i.BytecodeProviderInitiator        : HHH000021: Bytecode provider name : bytebuddy
2023-09-29 22:47:17.148 [ INFO] [  restartedMain] o.s.o.j.p.SpringPersistenceUnitInfo      : No LoadTimeWeaver setup: ignoring JPA class transformer
2023-09-29 22:47:17.150 [ INFO] [  restartedMain] o.h.b.i.BytecodeProviderInitiator        : HHH000021: Bytecode provider name : bytebuddy
2023-09-29 22:47:17.152 [ INFO] [  restartedMain] o.h.e.t.j.p.i.JtaPlatformInitiator       : HHH000490: Using JtaPlatform implementation: [org.hibernate.engine.transaction.jta.platform.internal.NoJtaPlatform]
2023-09-29 22:47:17.152 [ INFO] [  restartedMain] j.LocalContainerEntityManagerFactoryBean : Initialized JPA EntityManagerFactory for persistence unit 'default'
2023-09-29 22:47:17.169 [ INFO] [  restartedMain] o.h.e.t.j.p.i.JtaPlatformInitiator       : HHH000490: Using JtaPlatform implementation: [org.hibernate.engine.transaction.jta.platform.internal.NoJtaPlatform]
2023-09-29 22:47:17.186 [ INFO] [  restartedMain] j.LocalContainerEntityManagerFactoryBean : Initialized JPA EntityManagerFactory for persistence unit 'default'
2023-09-29 22:47:17.212 [ INFO] [  restartedMain] o.a.c.h.Http11NioProtocol                : Starting ProtocolHandler ["http-nio-8080"]
2023-09-29 22:47:17.215 [ INFO] [  restartedMain] e.s.M.CourseTrackerSpringBootApplication : Started CourseTrackerSpringBootApplication in 0.184 seconds (process running for 1460.469)
2023-09-29 22:47:17.399 [ INFO] [  restartedMain] j.LocalContainerEntityManagerFactoryBean : Closing JPA EntityManagerFactory for persistence unit 'default'
2023-09-29 22:47:17.608 [ WARN] [  restartedMain] o.s.b.f.s.DisposableBeanAdapter          : Invocation of destroy method failed on bean with name 'inMemoryDatabaseShutdownExecutor': org.h2.jdbc.JdbcSQLNonTransientConnectionException: Database is already closed (to disable automatic closing at VM shutdown, add ";DB_CLOSE_ON_EXIT=FALSE" to the db URL) [90121-214]
2023-09-29 22:47:17.608 [ INFO] [  restartedMain] c.z.h.HikariDataSource                   : HikariPool-1 - Shutdown initiated...
2023-09-29 22:47:17.610 [ INFO] [  restartedMain] c.z.h.HikariDataSource                   : HikariPool-1 - Shutdown completed.
2023-09-29 22:47:17.611 [ INFO] [  restartedMain] o.a.c.c.StandardService                  : Stopping service [Tomcat]
2023-09-29 22:48:09.795 [ INFO] [kground-preinit] o.h.v.i.u.Version                        : HV000001: Hibernate Validator 8.0.1.Final
2023-09-29 22:48:09.812 [ INFO] [  restartedMain] e.s.SpringBootInPracticeStudyApplication : Starting SpringBootInPracticeStudyApplication using Java 17.0.2 with PID 38189 (/Users/jaehoonpark/Desktop/project/SPRING-BOOT-in-PRACTICE-Study/build/classes/java/main started by jaehoonman in /Users/jaehoonpark/Desktop/project/SPRING-BOOT-in-PRACTICE-Study)
2023-09-29 22:48:09.813 [ INFO] [  restartedMain] e.s.SpringBootInPracticeStudyApplication : No active profile set, falling back to 1 default profile: "default"
2023-09-29 22:48:10.094 [ INFO] [      Thread-58] o.a.c.h.Http11NioProtocol                : Pausing ProtocolHandler ["http-nio-8080"]
2023-09-29 22:48:10.095 [ INFO] [      Thread-58] o.a.c.c.StandardService                  : Stopping service [Tomcat]
2023-09-29 22:48:10.095 [ INFO] [      Thread-58] o.a.c.h.Http11NioProtocol                : Stopping ProtocolHandler ["http-nio-8080"]
2023-09-29 22:48:10.096 [ INFO] [      Thread-58] o.a.c.h.Http11NioProtocol                : Destroying ProtocolHandler ["http-nio-8080"]
2023-09-29 22:48:10.096 [ INFO] [      Thread-58] j.LocalContainerEntityManagerFactoryBean : Closing JPA EntityManagerFactory for persistence unit 'default'
2023-09-29 22:48:10.101 [ INFO] [  restartedMain] .s.d.r.c.RepositoryConfigurationDelegate : Bootstrapping Spring Data JPA repositories in DEFAULT mode.
2023-09-29 22:48:10.124 [ INFO] [  restartedMain] .s.d.r.c.RepositoryConfigurationDelegate : Finished Spring Data repository scanning in 20 ms. Found 1 JPA repository interfaces.
2023-09-29 22:48:10.298 [ WARN] [      Thread-58] o.s.b.f.s.DisposableBeanAdapter          : Invocation of destroy method failed on bean with name 'inMemoryDatabaseShutdownExecutor': org.h2.jdbc.JdbcSQLNonTransientConnectionException: Database is already closed (to disable automatic closing at VM shutdown, add ";DB_CLOSE_ON_EXIT=FALSE" to the db URL) [90121-214]
2023-09-29 22:48:10.299 [ INFO] [      Thread-58] c.z.h.HikariDataSource                   : HikariPool-15 - Shutdown initiated...
2023-09-29 22:48:10.299 [ INFO] [      Thread-58] c.z.h.HikariDataSource                   : HikariPool-15 - Shutdown completed.
2023-09-29 22:48:10.337 [ INFO] [  restartedMain] e.s.M.CourseTrackerSpringBootApplication : Starting CourseTrackerSpringBootApplication using Java 17.0.2 with PID 37629 (/Users/jaehoonpark/Desktop/project/SPRING-BOOT-in-PRACTICE-Study/build/classes/java/main started by jaehoonman in /Users/jaehoonpark/Desktop/project/SPRING-BOOT-in-PRACTICE-Study)
2023-09-29 22:48:10.337 [ INFO] [  restartedMain] e.s.M.CourseTrackerSpringBootApplication : No active profile set, falling back to 1 default profile: "default"
2023-09-29 22:48:10.384 [ INFO] [  restartedMain] o.a.c.h.Http11NioProtocol                : Initializing ProtocolHandler ["http-nio-8080"]
2023-09-29 22:48:10.385 [ INFO] [  restartedMain] o.a.c.c.StandardService                  : Starting service [Tomcat]
2023-09-29 22:48:10.385 [ INFO] [  restartedMain] o.a.c.c.StandardEngine                   : Starting Servlet engine: [Apache Tomcat/10.1.13]
2023-09-29 22:48:10.386 [ INFO] [  restartedMain] .s.d.r.c.RepositoryConfigurationDelegate : Bootstrapping Spring Data JPA repositories in DEFAULT mode.
2023-09-29 22:48:10.386 [ INFO] [  restartedMain] .s.d.r.c.RepositoryConfigurationDelegate : Finished Spring Data repository scanning in 0 ms. Found 0 JPA repository interfaces.
2023-09-29 22:48:10.414 [ INFO] [  restartedMain] o.a.c.c.C.[.[.[/]                        : Initializing Spring embedded WebApplicationContext
2023-09-29 22:48:10.424 [ INFO] [  restartedMain] o.a.c.h.Http11NioProtocol                : Initializing ProtocolHandler ["http-nio-8080"]
2023-09-29 22:48:10.424 [ INFO] [  restartedMain] o.a.c.c.StandardService                  : Starting service [Tomcat]
2023-09-29 22:48:10.424 [ INFO] [  restartedMain] o.a.c.c.StandardEngine                   : Starting Servlet engine: [Apache Tomcat/10.1.13]
2023-09-29 22:48:10.429 [ INFO] [  restartedMain] o.a.c.c.C.[.[.[/]                        : Initializing Spring embedded WebApplicationContext
2023-09-29 22:48:10.431 [ INFO] [  restartedMain] c.z.h.HikariDataSource                   : HikariPool-1 - Starting...
2023-09-29 22:48:10.435 [ INFO] [  restartedMain] c.z.h.HikariDataSource                   : HikariPool-16 - Starting...
2023-09-29 22:48:10.436 [ INFO] [  restartedMain] c.z.h.p.HikariPool                       : HikariPool-16 - Added connection conn150: url=jdbc:h2:mem:sbipdb user=SA
2023-09-29 22:48:10.436 [ INFO] [  restartedMain] c.z.h.HikariDataSource                   : HikariPool-16 - Start completed.
2023-09-29 22:48:10.447 [ INFO] [  restartedMain] o.h.j.i.u.LogHelper                      : HHH000204: Processing PersistenceUnitInfo [name: default]
2023-09-29 22:48:10.450 [ INFO] [  restartedMain] o.h.b.i.BytecodeProviderInitiator        : HHH000021: Bytecode provider name : bytebuddy
2023-09-29 22:48:10.451 [ INFO] [  restartedMain] o.s.o.j.p.SpringPersistenceUnitInfo      : No LoadTimeWeaver setup: ignoring JPA class transformer
2023-09-29 22:48:10.452 [ INFO] [  restartedMain] o.h.b.i.BytecodeProviderInitiator        : HHH000021: Bytecode provider name : bytebuddy
2023-09-29 22:48:10.455 [ INFO] [  restartedMain] o.h.e.t.j.p.i.JtaPlatformInitiator       : HHH000490: Using JtaPlatform implementation: [org.hibernate.engine.transaction.jta.platform.internal.NoJtaPlatform]
2023-09-29 22:48:10.455 [ INFO] [  restartedMain] j.LocalContainerEntityManagerFactoryBean : Initialized JPA EntityManagerFactory for persistence unit 'default'
2023-09-29 22:48:10.526 [ INFO] [  restartedMain] c.z.h.p.HikariPool                       : HikariPool-1 - Added connection conn0: url=jdbc:h2:mem:sbipdb user=SA
2023-09-29 22:48:10.527 [ INFO] [  restartedMain] c.z.h.HikariDataSource                   : HikariPool-1 - Start completed.
2023-09-29 22:48:10.531 [ INFO] [  restartedMain] o.a.c.h.Http11NioProtocol                : Starting ProtocolHandler ["http-nio-8080"]
2023-09-29 22:48:10.533 [ INFO] [  restartedMain] e.s.M.CourseTrackerSpringBootApplication : Started CourseTrackerSpringBootApplication in 0.215 seconds (process running for 1513.787)
2023-09-29 22:48:10.584 [ INFO] [  restartedMain] o.h.j.i.u.LogHelper                      : HHH000204: Processing PersistenceUnitInfo [name: default]
2023-09-29 22:48:10.606 [ INFO] [  restartedMain] o.h.Version                              : HHH000412: Hibernate ORM core version 6.2.9.Final
2023-09-29 22:48:10.607 [ INFO] [  restartedMain] o.h.c.Environment                        : HHH000406: Using bytecode reflection optimizer
2023-09-29 22:48:10.668 [ INFO] [  restartedMain] o.h.b.i.BytecodeProviderInitiator        : HHH000021: Bytecode provider name : bytebuddy
2023-09-29 22:48:10.728 [ INFO] [  restartedMain] o.s.o.j.p.SpringPersistenceUnitInfo      : No LoadTimeWeaver setup: ignoring JPA class transformer
2023-09-29 22:48:10.829 [ INFO] [  restartedMain] o.h.b.i.BytecodeProviderInitiator        : HHH000021: Bytecode provider name : bytebuddy
2023-09-29 22:48:11.113 [ INFO] [  restartedMain] o.h.e.t.j.p.i.JtaPlatformInitiator       : HHH000490: Using JtaPlatform implementation: [org.hibernate.engine.transaction.jta.platform.internal.NoJtaPlatform]
2023-09-29 22:48:11.131 [ INFO] [  restartedMain] j.LocalContainerEntityManagerFactoryBean : Initialized JPA EntityManagerFactory for persistence unit 'default'
2023-09-29 22:48:11.390 [ INFO] [  restartedMain] o.a.c.h.Http11NioProtocol                : Starting ProtocolHandler ["http-nio-8080"]
2023-09-29 22:48:11.393 [ INFO] [  restartedMain] j.LocalContainerEntityManagerFactoryBean : Closing JPA EntityManagerFactory for persistence unit 'default'
2023-09-29 22:48:11.600 [ WARN] [  restartedMain] o.s.b.f.s.DisposableBeanAdapter          : Invocation of destroy method failed on bean with name 'inMemoryDatabaseShutdownExecutor': org.h2.jdbc.JdbcSQLNonTransientConnectionException: Database is already closed (to disable automatic closing at VM shutdown, add ";DB_CLOSE_ON_EXIT=FALSE" to the db URL) [90121-214]
2023-09-29 22:48:11.600 [ INFO] [  restartedMain] c.z.h.HikariDataSource                   : HikariPool-1 - Shutdown initiated...
2023-09-29 22:48:11.602 [ INFO] [  restartedMain] c.z.h.HikariDataSource                   : HikariPool-1 - Shutdown completed.
2023-09-29 22:48:11.604 [ INFO] [  restartedMain] o.a.c.h.Http11NioProtocol                : Pausing ProtocolHandler ["http-nio-8080"]
2023-09-29 22:48:11.604 [ INFO] [  restartedMain] o.a.c.c.StandardService                  : Stopping service [Tomcat]
2023-09-29 22:48:11.607 [ INFO] [  restartedMain] o.a.c.h.Http11NioProtocol                : Stopping ProtocolHandler ["http-nio-8080"]
2023-09-29 22:48:11.607 [ INFO] [  restartedMain] o.a.c.h.Http11NioProtocol                : Destroying ProtocolHandler ["http-nio-8080"]
2023-09-29 22:48:20.721 [ INFO] [kground-preinit] o.h.v.i.u.Version                        : HV000001: Hibernate Validator 8.0.1.Final
2023-09-29 22:48:20.736 [ INFO] [  restartedMain] e.s.SpringBootInPracticeStudyApplication : Starting SpringBootInPracticeStudyApplication using Java 17.0.2 with PID 38195 (/Users/jaehoonpark/Desktop/project/SPRING-BOOT-in-PRACTICE-Study/build/classes/java/main started by jaehoonman in /Users/jaehoonpark/Desktop/project/SPRING-BOOT-in-PRACTICE-Study)
2023-09-29 22:48:20.737 [ INFO] [  restartedMain] e.s.SpringBootInPracticeStudyApplication : No active profile set, falling back to 1 default profile: "default"
2023-09-29 22:48:20.989 [ INFO] [  restartedMain] .s.d.r.c.RepositoryConfigurationDelegate : Bootstrapping Spring Data JPA repositories in DEFAULT mode.
2023-09-29 22:48:21.009 [ INFO] [  restartedMain] .s.d.r.c.RepositoryConfigurationDelegate : Finished Spring Data repository scanning in 17 ms. Found 1 JPA repository interfaces.
2023-09-29 22:48:21.238 [ INFO] [  restartedMain] o.a.c.h.Http11NioProtocol                : Initializing ProtocolHandler ["http-nio-8080"]
2023-09-29 22:48:21.239 [ INFO] [  restartedMain] o.a.c.c.StandardService                  : Starting service [Tomcat]
2023-09-29 22:48:21.239 [ INFO] [  restartedMain] o.a.c.c.StandardEngine                   : Starting Servlet engine: [Apache Tomcat/10.1.13]
2023-09-29 22:48:21.265 [ INFO] [  restartedMain] o.a.c.c.C.[.[.[/]                        : Initializing Spring embedded WebApplicationContext
2023-09-29 22:48:21.279 [ INFO] [  restartedMain] c.z.h.HikariDataSource                   : HikariPool-1 - Starting...
2023-09-29 22:48:21.363 [ INFO] [  restartedMain] c.z.h.p.HikariPool                       : HikariPool-1 - Added connection conn0: url=jdbc:h2:mem:sbipdb user=SA
2023-09-29 22:48:21.364 [ INFO] [  restartedMain] c.z.h.HikariDataSource                   : HikariPool-1 - Start completed.
2023-09-29 22:48:21.418 [ INFO] [  restartedMain] o.h.j.i.u.LogHelper                      : HHH000204: Processing PersistenceUnitInfo [name: default]
2023-09-29 22:48:21.440 [ INFO] [  restartedMain] o.h.Version                              : HHH000412: Hibernate ORM core version 6.2.9.Final
2023-09-29 22:48:21.441 [ INFO] [  restartedMain] o.h.c.Environment                        : HHH000406: Using bytecode reflection optimizer
2023-09-29 22:48:21.493 [ INFO] [  restartedMain] o.h.b.i.BytecodeProviderInitiator        : HHH000021: Bytecode provider name : bytebuddy
2023-09-29 22:48:21.550 [ INFO] [  restartedMain] o.s.o.j.p.SpringPersistenceUnitInfo      : No LoadTimeWeaver setup: ignoring JPA class transformer
2023-09-29 22:48:21.645 [ INFO] [  restartedMain] o.h.b.i.BytecodeProviderInitiator        : HHH000021: Bytecode provider name : bytebuddy
2023-09-29 22:48:21.904 [ INFO] [  restartedMain] o.h.e.t.j.p.i.JtaPlatformInitiator       : HHH000490: Using JtaPlatform implementation: [org.hibernate.engine.transaction.jta.platform.internal.NoJtaPlatform]
2023-09-29 22:48:21.920 [ INFO] [  restartedMain] j.LocalContainerEntityManagerFactoryBean : Initialized JPA EntityManagerFactory for persistence unit 'default'
2023-09-29 22:48:22.161 [ INFO] [  restartedMain] o.a.c.h.Http11NioProtocol                : Starting ProtocolHandler ["http-nio-8080"]
2023-09-29 22:48:22.164 [ INFO] [  restartedMain] j.LocalContainerEntityManagerFactoryBean : Closing JPA EntityManagerFactory for persistence unit 'default'
2023-09-29 22:48:22.370 [ WARN] [  restartedMain] o.s.b.f.s.DisposableBeanAdapter          : Invocation of destroy method failed on bean with name 'inMemoryDatabaseShutdownExecutor': org.h2.jdbc.JdbcSQLNonTransientConnectionException: Database is already closed (to disable automatic closing at VM shutdown, add ";DB_CLOSE_ON_EXIT=FALSE" to the db URL) [90121-214]
2023-09-29 22:48:22.371 [ INFO] [  restartedMain] c.z.h.HikariDataSource                   : HikariPool-1 - Shutdown initiated...
2023-09-29 22:48:22.373 [ INFO] [  restartedMain] c.z.h.HikariDataSource                   : HikariPool-1 - Shutdown completed.
2023-09-29 22:48:22.376 [ INFO] [  restartedMain] o.a.c.h.Http11NioProtocol                : Pausing ProtocolHandler ["http-nio-8080"]
2023-09-29 22:48:22.376 [ INFO] [  restartedMain] o.a.c.c.StandardService                  : Stopping service [Tomcat]
2023-09-29 22:48:22.381 [ INFO] [  restartedMain] o.a.c.h.Http11NioProtocol                : Stopping ProtocolHandler ["http-nio-8080"]
2023-09-29 22:48:22.382 [ INFO] [  restartedMain] o.a.c.h.Http11NioProtocol                : Destroying ProtocolHandler ["http-nio-8080"]
2023-09-29 22:51:32.480 [ INFO] [nio-8080-exec-1] o.a.c.c.C.[.[.[/]                        : Initializing Spring DispatcherServlet 'dispatcherServlet'
2023-09-29 22:51:32.481 [ INFO] [nio-8080-exec-1] o.s.w.s.DispatcherServlet                : Initializing Servlet 'dispatcherServlet'
2023-09-29 22:51:32.484 [ INFO] [nio-8080-exec-1] o.s.w.s.DispatcherServlet                : Completed initialization in 2 ms
2023-09-29 22:52:13.150 [ INFO] [      Thread-62] o.a.c.h.Http11NioProtocol                : Pausing ProtocolHandler ["http-nio-8080"]
2023-09-29 22:52:13.151 [ INFO] [      Thread-62] o.a.c.c.StandardService                  : Stopping service [Tomcat]
2023-09-29 22:52:13.151 [ INFO] [      Thread-62] o.a.c.c.C.[.[.[/]                        : Destroying Spring FrameworkServlet 'dispatcherServlet'
2023-09-29 22:52:13.152 [ INFO] [      Thread-62] o.a.c.h.Http11NioProtocol                : Stopping ProtocolHandler ["http-nio-8080"]
2023-09-29 22:52:13.152 [ INFO] [      Thread-62] o.a.c.h.Http11NioProtocol                : Destroying ProtocolHandler ["http-nio-8080"]
2023-09-29 22:52:13.153 [ INFO] [      Thread-62] j.LocalContainerEntityManagerFactoryBean : Closing JPA EntityManagerFactory for persistence unit 'default'
2023-09-29 22:52:13.356 [ WARN] [      Thread-62] o.s.b.f.s.DisposableBeanAdapter          : Invocation of destroy method failed on bean with name 'inMemoryDatabaseShutdownExecutor': org.h2.jdbc.JdbcSQLNonTransientConnectionException: Database is already closed (to disable automatic closing at VM shutdown, add ";DB_CLOSE_ON_EXIT=FALSE" to the db URL) [90121-214]
2023-09-29 22:52:13.356 [ INFO] [      Thread-62] c.z.h.HikariDataSource                   : HikariPool-16 - Shutdown initiated...
2023-09-29 22:52:13.356 [ INFO] [      Thread-62] c.z.h.HikariDataSource                   : HikariPool-16 - Shutdown completed.
2023-09-29 22:52:13.586 [ INFO] [  restartedMain] e.s.M.CourseTrackerSpringBootApplication : Starting CourseTrackerSpringBootApplication using Java 17.0.2 with PID 37629 (/Users/jaehoonpark/Desktop/project/SPRING-BOOT-in-PRACTICE-Study/build/classes/java/main started by jaehoonman in /Users/jaehoonpark/Desktop/project/SPRING-BOOT-in-PRACTICE-Study)
2023-09-29 22:52:13.586 [ INFO] [  restartedMain] e.s.M.CourseTrackerSpringBootApplication : No active profile set, falling back to 1 default profile: "default"
2023-09-29 22:52:13.649 [ INFO] [  restartedMain] .s.d.r.c.RepositoryConfigurationDelegate : Bootstrapping Spring Data JPA repositories in DEFAULT mode.
2023-09-29 22:52:13.649 [ INFO] [  restartedMain] .s.d.r.c.RepositoryConfigurationDelegate : Finished Spring Data repository scanning in 0 ms. Found 0 JPA repository interfaces.
2023-09-29 22:52:13.682 [ INFO] [  restartedMain] o.a.c.h.Http11NioProtocol                : Initializing ProtocolHandler ["http-nio-8080"]
2023-09-29 22:52:13.683 [ INFO] [  restartedMain] o.a.c.c.StandardService                  : Starting service [Tomcat]
2023-09-29 22:52:13.683 [ INFO] [  restartedMain] o.a.c.c.StandardEngine                   : Starting Servlet engine: [Apache Tomcat/10.1.13]
2023-09-29 22:52:13.687 [ INFO] [  restartedMain] o.a.c.c.C.[.[.[/]                        : Initializing Spring embedded WebApplicationContext
2023-09-29 22:52:13.693 [ INFO] [  restartedMain] c.z.h.HikariDataSource                   : HikariPool-17 - Starting...
2023-09-29 22:52:13.694 [ INFO] [  restartedMain] c.z.h.p.HikariPool                       : HikariPool-17 - Added connection conn160: url=jdbc:h2:mem:sbipdb user=SA
2023-09-29 22:52:13.694 [ INFO] [  restartedMain] c.z.h.HikariDataSource                   : HikariPool-17 - Start completed.
2023-09-29 22:52:13.704 [ INFO] [  restartedMain] o.h.j.i.u.LogHelper                      : HHH000204: Processing PersistenceUnitInfo [name: default]
2023-09-29 22:52:13.707 [ INFO] [  restartedMain] o.h.b.i.BytecodeProviderInitiator        : HHH000021: Bytecode provider name : bytebuddy
2023-09-29 22:52:13.707 [ INFO] [  restartedMain] o.s.o.j.p.SpringPersistenceUnitInfo      : No LoadTimeWeaver setup: ignoring JPA class transformer
2023-09-29 22:52:13.708 [ INFO] [  restartedMain] o.h.b.i.BytecodeProviderInitiator        : HHH000021: Bytecode provider name : bytebuddy
2023-09-29 22:52:13.712 [ INFO] [  restartedMain] o.h.e.t.j.p.i.JtaPlatformInitiator       : HHH000490: Using JtaPlatform implementation: [org.hibernate.engine.transaction.jta.platform.internal.NoJtaPlatform]
2023-09-29 22:52:13.712 [ INFO] [  restartedMain] j.LocalContainerEntityManagerFactoryBean : Initialized JPA EntityManagerFactory for persistence unit 'default'
2023-09-29 22:52:13.775 [ INFO] [  restartedMain] o.a.c.h.Http11NioProtocol                : Starting ProtocolHandler ["http-nio-8080"]
2023-09-29 22:52:13.778 [ INFO] [  restartedMain] e.s.M.CourseTrackerSpringBootApplication : Started CourseTrackerSpringBootApplication in 0.392 seconds (process running for 1757.032)
